{"/Users/chaser/repos/personal/ure/src/array/chunk.js": {"path":"/Users/chaser/repos/personal/ure/src/array/chunk.js","statementMap":{"0":{"start":{"line":6,"column":14},"end":{"line":22,"column":1}},"1":{"start":{"line":7,"column":2},"end":{"line":7,"column":38}},"2":{"start":{"line":7,"column":29},"end":{"line":7,"column":38}},"3":{"start":{"line":8,"column":2},"end":{"line":8,"column":23}},"4":{"start":{"line":8,"column":12},"end":{"line":8,"column":23}},"5":{"start":{"line":10,"column":17},"end":{"line":10,"column":19}},"6":{"start":{"line":12,"column":2},"end":{"line":20,"column":3}},"7":{"start":{"line":12,"column":15},"end":{"line":12,"column":16}},"8":{"start":{"line":12,"column":24},"end":{"line":12,"column":35}},"9":{"start":{"line":13,"column":16},"end":{"line":13,"column":17}},"10":{"start":{"line":14,"column":17},"end":{"line":14,"column":39}},"11":{"start":{"line":15,"column":20},"end":{"line":15,"column":22}},"12":{"start":{"line":16,"column":4},"end":{"line":18,"column":5}},"13":{"start":{"line":17,"column":6},"end":{"line":17,"column":33}},"14":{"start":{"line":19,"column":4},"end":{"line":19,"column":24}},"15":{"start":{"line":21,"column":2},"end":{"line":21,"column":15}}},"fnMap":{"0":{"name":"(anonymous_0)","decl":{"start":{"line":6,"column":14},"end":{"line":6,"column":15}},"loc":{"start":{"line":6,"column":29},"end":{"line":22,"column":1}},"line":6}},"branchMap":{"0":{"loc":{"start":{"line":7,"column":2},"end":{"line":7,"column":38}},"type":"if","locations":[{"start":{"line":7,"column":2},"end":{"line":7,"column":38}},{"start":{"line":7,"column":2},"end":{"line":7,"column":38}}],"line":7},"1":{"loc":{"start":{"line":7,"column":6},"end":{"line":7,"column":27}},"type":"binary-expr","locations":[{"start":{"line":7,"column":6},"end":{"line":7,"column":11}},{"start":{"line":7,"column":15},"end":{"line":7,"column":27}}],"line":7},"2":{"loc":{"start":{"line":8,"column":2},"end":{"line":8,"column":23}},"type":"if","locations":[{"start":{"line":8,"column":2},"end":{"line":8,"column":23}},{"start":{"line":8,"column":2},"end":{"line":8,"column":23}}],"line":8}},"s":{"0":1,"1":3,"2":1,"3":2,"4":1,"5":1,"6":1,"7":1,"8":1,"9":4,"10":4,"11":4,"12":4,"13":11,"14":4,"15":1},"f":{"0":3},"b":{"0":[1,2],"1":[3,2],"2":[1,1]},"_coverageSchema":"1a1c01bbd47fc00a2c39e90264f33305004495a9","hash":"adee8117a4dfeb1ca125a5cbd3d07363ff513e45"}
,"/Users/chaser/repos/personal/ure/src/array/remove.js": {"path":"/Users/chaser/repos/personal/ure/src/array/remove.js","statementMap":{"0":{"start":{"line":7,"column":15},"end":{"line":11,"column":1}},"1":{"start":{"line":8,"column":2},"end":{"line":8,"column":38}},"2":{"start":{"line":8,"column":29},"end":{"line":8,"column":38}},"3":{"start":{"line":10,"column":2},"end":{"line":10,"column":57}},"4":{"start":{"line":10,"column":29},"end":{"line":10,"column":56}}},"fnMap":{"0":{"name":"(anonymous_0)","decl":{"start":{"line":7,"column":15},"end":{"line":7,"column":16}},"loc":{"start":{"line":7,"column":42},"end":{"line":11,"column":1}},"line":7},"1":{"name":"(anonymous_1)","decl":{"start":{"line":10,"column":21},"end":{"line":10,"column":22}},"loc":{"start":{"line":10,"column":29},"end":{"line":10,"column":56}},"line":10}},"branchMap":{"0":{"loc":{"start":{"line":8,"column":2},"end":{"line":8,"column":38}},"type":"if","locations":[{"start":{"line":8,"column":2},"end":{"line":8,"column":38}},{"start":{"line":8,"column":2},"end":{"line":8,"column":38}}],"line":8},"1":{"loc":{"start":{"line":8,"column":6},"end":{"line":8,"column":27}},"type":"binary-expr","locations":[{"start":{"line":8,"column":6},"end":{"line":8,"column":11}},{"start":{"line":8,"column":15},"end":{"line":8,"column":27}}],"line":8}},"s":{"0":1,"1":3,"2":1,"3":2,"4":22},"f":{"0":3,"1":22},"b":{"0":[1,2],"1":[3,2]},"_coverageSchema":"1a1c01bbd47fc00a2c39e90264f33305004495a9","hash":"145734721dfb5f21953da47a599731ac85a8a14c"}
,"/Users/chaser/repos/personal/ure/src/array/removeIndex.js": {"path":"/Users/chaser/repos/personal/ure/src/array/removeIndex.js","statementMap":{"0":{"start":{"line":7,"column":20},"end":{"line":11,"column":1}},"1":{"start":{"line":8,"column":2},"end":{"line":8,"column":38}},"2":{"start":{"line":8,"column":29},"end":{"line":8,"column":38}},"3":{"start":{"line":10,"column":2},"end":{"line":10,"column":65}},"4":{"start":{"line":10,"column":35},"end":{"line":10,"column":64}}},"fnMap":{"0":{"name":"(anonymous_0)","decl":{"start":{"line":7,"column":20},"end":{"line":7,"column":21}},"loc":{"start":{"line":7,"column":48},"end":{"line":11,"column":1}},"line":7},"1":{"name":"(anonymous_1)","decl":{"start":{"line":10,"column":21},"end":{"line":10,"column":22}},"loc":{"start":{"line":10,"column":35},"end":{"line":10,"column":64}},"line":10}},"branchMap":{"0":{"loc":{"start":{"line":8,"column":2},"end":{"line":8,"column":38}},"type":"if","locations":[{"start":{"line":8,"column":2},"end":{"line":8,"column":38}},{"start":{"line":8,"column":2},"end":{"line":8,"column":38}}],"line":8},"1":{"loc":{"start":{"line":8,"column":6},"end":{"line":8,"column":27}},"type":"binary-expr","locations":[{"start":{"line":8,"column":6},"end":{"line":8,"column":11}},{"start":{"line":8,"column":15},"end":{"line":8,"column":27}}],"line":8}},"s":{"0":1,"1":3,"2":1,"3":2,"4":22},"f":{"0":3,"1":22},"b":{"0":[1,2],"1":[3,2]},"_coverageSchema":"1a1c01bbd47fc00a2c39e90264f33305004495a9","hash":"ae814c25bc276f07c30fb72c889ff732b2919fb0"}
,"/Users/chaser/repos/personal/ure/src/array/shuffle.js": {"path":"/Users/chaser/repos/personal/ure/src/array/shuffle.js","statementMap":{"0":{"start":{"line":7,"column":16},"end":{"line":21,"column":1}},"1":{"start":{"line":8,"column":2},"end":{"line":8,"column":38}},"2":{"start":{"line":8,"column":29},"end":{"line":8,"column":38}},"3":{"start":{"line":10,"column":2},"end":{"line":10,"column":22}},"4":{"start":{"line":12,"column":10},"end":{"line":12,"column":21}},"5":{"start":{"line":13,"column":2},"end":{"line":18,"column":3}},"6":{"start":{"line":14,"column":14},"end":{"line":14,"column":26}},"7":{"start":{"line":15,"column":17},"end":{"line":15,"column":24}},"8":{"start":{"line":16,"column":4},"end":{"line":16,"column":21}},"9":{"start":{"line":17,"column":4},"end":{"line":17,"column":18}},"10":{"start":{"line":20,"column":2},"end":{"line":20,"column":13}}},"fnMap":{"0":{"name":"(anonymous_0)","decl":{"start":{"line":7,"column":16},"end":{"line":7,"column":17}},"loc":{"start":{"line":7,"column":26},"end":{"line":21,"column":1}},"line":7}},"branchMap":{"0":{"loc":{"start":{"line":8,"column":2},"end":{"line":8,"column":38}},"type":"if","locations":[{"start":{"line":8,"column":2},"end":{"line":8,"column":38}},{"start":{"line":8,"column":2},"end":{"line":8,"column":38}}],"line":8},"1":{"loc":{"start":{"line":8,"column":6},"end":{"line":8,"column":27}},"type":"binary-expr","locations":[{"start":{"line":8,"column":6},"end":{"line":8,"column":11}},{"start":{"line":8,"column":15},"end":{"line":8,"column":27}}],"line":8}},"s":{"0":1,"1":2,"2":1,"3":1,"4":1,"5":1,"6":11,"7":11,"8":11,"9":11,"10":1},"f":{"0":2},"b":{"0":[1,1],"1":[2,1]},"_coverageSchema":"1a1c01bbd47fc00a2c39e90264f33305004495a9","hash":"63dcfe91fd323e13fa6d063fce75ff6d07fc2824"}
,"/Users/chaser/repos/personal/ure/src/nature/getType.js": {"path":"/Users/chaser/repos/personal/ure/src/nature/getType.js","statementMap":{"0":{"start":{"line":5,"column":16},"end":{"line":7,"column":1}},"1":{"start":{"line":6,"column":2},"end":{"line":6,"column":91}}},"fnMap":{"0":{"name":"(anonymous_0)","decl":{"start":{"line":5,"column":16},"end":{"line":5,"column":17}},"loc":{"start":{"line":5,"column":28},"end":{"line":7,"column":1}},"line":5}},"branchMap":{},"s":{"0":1,"1":8},"f":{"0":8},"b":{},"_coverageSchema":"1a1c01bbd47fc00a2c39e90264f33305004495a9","hash":"6d6f3260a5acbbeb4b94a6541a0235f6b1cc4f18"}
,"/Users/chaser/repos/personal/ure/src/nature/isEmpty.js": {"path":"/Users/chaser/repos/personal/ure/src/nature/isEmpty.js","statementMap":{"0":{"start":{"line":5,"column":16},"end":{"line":10,"column":1}},"1":{"start":{"line":6,"column":2},"end":{"line":9,"column":39}}},"fnMap":{"0":{"name":"(anonymous_0)","decl":{"start":{"line":5,"column":16},"end":{"line":5,"column":17}},"loc":{"start":{"line":5,"column":28},"end":{"line":10,"column":1}},"line":5}},"branchMap":{"0":{"loc":{"start":{"line":6,"column":9},"end":{"line":9,"column":39}},"type":"binary-expr","locations":[{"start":{"line":6,"column":9},"end":{"line":8,"column":21}},{"start":{"line":9,"column":4},"end":{"line":9,"column":39}}],"line":6},"1":{"loc":{"start":{"line":7,"column":4},"end":{"line":7,"column":54}},"type":"cond-expr","locations":[{"start":{"line":7,"column":33},"end":{"line":7,"column":39}},{"start":{"line":7,"column":42},"end":{"line":7,"column":54}}],"line":7},"2":{"loc":{"start":{"line":7,"column":42},"end":{"line":7,"column":54}},"type":"binary-expr","locations":[{"start":{"line":7,"column":42},"end":{"line":7,"column":48}},{"start":{"line":7,"column":52},"end":{"line":7,"column":54}}],"line":7},"3":{"loc":{"start":{"line":9,"column":18},"end":{"line":9,"column":30}},"type":"binary-expr","locations":[{"start":{"line":9,"column":18},"end":{"line":9,"column":24}},{"start":{"line":9,"column":28},"end":{"line":9,"column":30}}],"line":9}},"s":{"0":1,"1":5},"f":{"0":5},"b":{"0":[5,4],"1":[1,4],"2":[4,2],"3":[4,2]},"_coverageSchema":"1a1c01bbd47fc00a2c39e90264f33305004495a9","hash":"e0c8e404cb4c807890865256abca15e74043b23f"}
,"/Users/chaser/repos/personal/ure/src/nature/isTypeof.js": {"path":"/Users/chaser/repos/personal/ure/src/nature/isTypeof.js","statementMap":{"0":{"start":{"line":8,"column":17},"end":{"line":11,"column":1}},"1":{"start":{"line":9,"column":2},"end":{"line":9,"column":44}},"2":{"start":{"line":9,"column":32},"end":{"line":9,"column":44}},"3":{"start":{"line":10,"column":2},"end":{"line":10,"column":53}}},"fnMap":{"0":{"name":"(anonymous_0)","decl":{"start":{"line":8,"column":17},"end":{"line":8,"column":18}},"loc":{"start":{"line":8,"column":35},"end":{"line":11,"column":1}},"line":8}},"branchMap":{"0":{"loc":{"start":{"line":9,"column":2},"end":{"line":9,"column":44}},"type":"if","locations":[{"start":{"line":9,"column":2},"end":{"line":9,"column":44}},{"start":{"line":9,"column":2},"end":{"line":9,"column":44}}],"line":9}},"s":{"0":1,"1":2,"2":1,"3":1},"f":{"0":2},"b":{"0":[1,1]},"_coverageSchema":"1a1c01bbd47fc00a2c39e90264f33305004495a9","hash":"e03c4feb6235f862a6fdfeecee9f28491e7be76a"}
,"/Users/chaser/repos/personal/ure/src/number/inRange.js": {"path":"/Users/chaser/repos/personal/ure/src/number/inRange.js","statementMap":{"0":{"start":{"line":7,"column":16},"end":{"line":15,"column":1}},"1":{"start":{"line":8,"column":2},"end":{"line":8,"column":84}},"2":{"start":{"line":8,"column":41},"end":{"line":8,"column":65}},"3":{"start":{"line":8,"column":70},"end":{"line":8,"column":82}},"4":{"start":{"line":10,"column":2},"end":{"line":12,"column":3}},"5":{"start":{"line":11,"column":4},"end":{"line":11,"column":33}},"6":{"start":{"line":14,"column":2},"end":{"line":14,"column":42}}},"fnMap":{"0":{"name":"(anonymous_0)","decl":{"start":{"line":7,"column":16},"end":{"line":7,"column":17}},"loc":{"start":{"line":7,"column":41},"end":{"line":15,"column":1}},"line":7},"1":{"name":"(anonymous_1)","decl":{"start":{"line":8,"column":33},"end":{"line":8,"column":34}},"loc":{"start":{"line":8,"column":41},"end":{"line":8,"column":65}},"line":8}},"branchMap":{"0":{"loc":{"start":{"line":8,"column":2},"end":{"line":8,"column":84}},"type":"if","locations":[{"start":{"line":8,"column":2},"end":{"line":8,"column":84}},{"start":{"line":8,"column":2},"end":{"line":8,"column":84}}],"line":8},"1":{"loc":{"start":{"line":10,"column":2},"end":{"line":12,"column":3}},"type":"if","locations":[{"start":{"line":10,"column":2},"end":{"line":12,"column":3}},{"start":{"line":10,"column":2},"end":{"line":12,"column":3}}],"line":10},"2":{"loc":{"start":{"line":14,"column":9},"end":{"line":14,"column":42}},"type":"binary-expr","locations":[{"start":{"line":14,"column":9},"end":{"line":14,"column":23}},{"start":{"line":14,"column":27},"end":{"line":14,"column":42}}],"line":14}},"s":{"0":1,"1":4,"2":10,"3":1,"4":3,"5":1,"6":3},"f":{"0":4,"1":10},"b":{"0":[1,3],"1":[1,2],"2":[3,3]},"_coverageSchema":"1a1c01bbd47fc00a2c39e90264f33305004495a9","hash":"72c50127e350dabe1e025d7a2e6d35ccdb92696c"}
,"/Users/chaser/repos/personal/ure/src/number/midNumber.js": {"path":"/Users/chaser/repos/personal/ure/src/number/midNumber.js","statementMap":{"0":{"start":{"line":6,"column":18},"end":{"line":14,"column":1}},"1":{"start":{"line":7,"column":2},"end":{"line":7,"column":71}},"2":{"start":{"line":7,"column":61},"end":{"line":7,"column":71}},"3":{"start":{"line":9,"column":2},"end":{"line":11,"column":3}},"4":{"start":{"line":10,"column":4},"end":{"line":10,"column":33}},"5":{"start":{"line":13,"column":2},"end":{"line":13,"column":36}}},"fnMap":{"0":{"name":"(anonymous_0)","decl":{"start":{"line":6,"column":18},"end":{"line":6,"column":19}},"loc":{"start":{"line":6,"column":35},"end":{"line":14,"column":1}},"line":6}},"branchMap":{"0":{"loc":{"start":{"line":7,"column":2},"end":{"line":7,"column":71}},"type":"if","locations":[{"start":{"line":7,"column":2},"end":{"line":7,"column":71}},{"start":{"line":7,"column":2},"end":{"line":7,"column":71}}],"line":7},"1":{"loc":{"start":{"line":7,"column":6},"end":{"line":7,"column":59}},"type":"binary-expr","locations":[{"start":{"line":7,"column":6},"end":{"line":7,"column":30}},{"start":{"line":7,"column":34},"end":{"line":7,"column":59}}],"line":7},"2":{"loc":{"start":{"line":9,"column":2},"end":{"line":11,"column":3}},"type":"if","locations":[{"start":{"line":9,"column":2},"end":{"line":11,"column":3}},{"start":{"line":9,"column":2},"end":{"line":11,"column":3}}],"line":9}},"s":{"0":1,"1":3,"2":1,"3":2,"4":1,"5":2},"f":{"0":3},"b":{"0":[1,2],"1":[3,2],"2":[1,1]},"_coverageSchema":"1a1c01bbd47fc00a2c39e90264f33305004495a9","hash":"3af279bef4e528dafef0e69bee8b0f8b1d9638de"}
,"/Users/chaser/repos/personal/ure/src/object/clone.js": {"path":"/Users/chaser/repos/personal/ure/src/object/clone.js","statementMap":{"0":{"start":{"line":7,"column":14},"end":{"line":10,"column":1}},"1":{"start":{"line":8,"column":2},"end":{"line":8,"column":65}},"2":{"start":{"line":8,"column":52},"end":{"line":8,"column":65}},"3":{"start":{"line":9,"column":2},"end":{"line":9,"column":27}}},"fnMap":{"0":{"name":"(anonymous_0)","decl":{"start":{"line":7,"column":14},"end":{"line":7,"column":15}},"loc":{"start":{"line":7,"column":26},"end":{"line":10,"column":1}},"line":7}},"branchMap":{"0":{"loc":{"start":{"line":8,"column":2},"end":{"line":8,"column":65}},"type":"if","locations":[{"start":{"line":8,"column":2},"end":{"line":8,"column":65}},{"start":{"line":8,"column":2},"end":{"line":8,"column":65}}],"line":8},"1":{"loc":{"start":{"line":8,"column":6},"end":{"line":8,"column":50}},"type":"binary-expr","locations":[{"start":{"line":8,"column":6},"end":{"line":8,"column":20}},{"start":{"line":8,"column":24},"end":{"line":8,"column":50}}],"line":8}},"s":{"0":1,"1":3,"2":2,"3":1},"f":{"0":3},"b":{"0":[2,1],"1":[3,2]},"_coverageSchema":"1a1c01bbd47fc00a2c39e90264f33305004495a9","hash":"392f4c264380fed9164ccf108b0961d5aa849595"}
,"/Users/chaser/repos/personal/ure/src/object/cloneDeep.js": {"path":"/Users/chaser/repos/personal/ure/src/object/cloneDeep.js","statementMap":{"0":{"start":{"line":1,"column":16},"end":{"line":7,"column":1}},"1":{"start":{"line":2,"column":14},"end":{"line":2,"column":27}},"2":{"start":{"line":3,"column":10},"end":{"line":3,"column":11}},"3":{"start":{"line":4,"column":2},"end":{"line":6,"column":3}},"4":{"start":{"line":5,"column":4},"end":{"line":5,"column":30}},"5":{"start":{"line":13,"column":18},"end":{"line":32,"column":1}},"6":{"start":{"line":15,"column":2},"end":{"line":17,"column":3}},"7":{"start":{"line":16,"column":4},"end":{"line":16,"column":17}},"8":{"start":{"line":20,"column":18},"end":{"line":20,"column":39}},"9":{"start":{"line":21,"column":15},"end":{"line":21,"column":56}},"10":{"start":{"line":22,"column":17},"end":{"line":22,"column":34}},"11":{"start":{"line":24,"column":2},"end":{"line":29,"column":4}},"12":{"start":{"line":25,"column":4},"end":{"line":27,"column":5}},"13":{"start":{"line":26,"column":6},"end":{"line":26,"column":15}},"14":{"start":{"line":28,"column":4},"end":{"line":28,"column":40}},"15":{"start":{"line":31,"column":2},"end":{"line":31,"column":15}}},"fnMap":{"0":{"name":"(anonymous_0)","decl":{"start":{"line":1,"column":16},"end":{"line":1,"column":17}},"loc":{"start":{"line":1,"column":32},"end":{"line":7,"column":1}},"line":1},"1":{"name":"(anonymous_1)","decl":{"start":{"line":13,"column":18},"end":{"line":13,"column":19}},"loc":{"start":{"line":13,"column":30},"end":{"line":32,"column":1}},"line":13},"2":{"name":"(anonymous_2)","decl":{"start":{"line":24,"column":26},"end":{"line":24,"column":27}},"loc":{"start":{"line":24,"column":40},"end":{"line":29,"column":3}},"line":24}},"branchMap":{"0":{"loc":{"start":{"line":15,"column":2},"end":{"line":17,"column":3}},"type":"if","locations":[{"start":{"line":15,"column":2},"end":{"line":17,"column":3}},{"start":{"line":15,"column":2},"end":{"line":17,"column":3}}],"line":15},"1":{"loc":{"start":{"line":15,"column":6},"end":{"line":15,"column":83}},"type":"binary-expr","locations":[{"start":{"line":15,"column":6},"end":{"line":15,"column":21}},{"start":{"line":15,"column":25},"end":{"line":15,"column":51}},{"start":{"line":15,"column":55},"end":{"line":15,"column":83}}],"line":15},"2":{"loc":{"start":{"line":21,"column":15},"end":{"line":21,"column":56}},"type":"cond-expr","locations":[{"start":{"line":21,"column":25},"end":{"line":21,"column":34}},{"start":{"line":21,"column":37},"end":{"line":21,"column":56}}],"line":21},"3":{"loc":{"start":{"line":22,"column":17},"end":{"line":22,"column":34}},"type":"cond-expr","locations":[{"start":{"line":22,"column":27},"end":{"line":22,"column":29}},{"start":{"line":22,"column":32},"end":{"line":22,"column":34}}],"line":22},"4":{"loc":{"start":{"line":24,"column":10},"end":{"line":24,"column":24}},"type":"binary-expr","locations":[{"start":{"line":24,"column":10},"end":{"line":24,"column":14}},{"start":{"line":24,"column":18},"end":{"line":24,"column":24}}],"line":24},"5":{"loc":{"start":{"line":25,"column":4},"end":{"line":27,"column":5}},"type":"if","locations":[{"start":{"line":25,"column":4},"end":{"line":27,"column":5}},{"start":{"line":25,"column":4},"end":{"line":27,"column":5}}],"line":25}},"s":{"0":1,"1":3,"2":3,"3":3,"4":7,"5":1,"6":11,"7":8,"8":3,"9":3,"10":3,"11":3,"12":7,"13":5,"14":7,"15":3},"f":{"0":3,"1":11,"2":7},"b":{"0":[8,3],"1":[11,10,3],"2":[1,2],"3":[1,2],"4":[3,1],"5":[5,2]},"_coverageSchema":"1a1c01bbd47fc00a2c39e90264f33305004495a9","hash":"27749600dfa4e1cea20cc57d3561346d83979130"}
,"/Users/chaser/repos/personal/ure/src/object/extend.js": {"path":"/Users/chaser/repos/personal/ure/src/object/extend.js","statementMap":{"0":{"start":{"line":6,"column":15},"end":{"line":18,"column":1}},"1":{"start":{"line":7,"column":2},"end":{"line":7,"column":34}},"2":{"start":{"line":7,"column":25},"end":{"line":7,"column":34}},"3":{"start":{"line":9,"column":17},"end":{"line":9,"column":29}},"4":{"start":{"line":11,"column":2},"end":{"line":15,"column":3}},"5":{"start":{"line":11,"column":15},"end":{"line":11,"column":16}},"6":{"start":{"line":11,"column":24},"end":{"line":11,"column":40}},"7":{"start":{"line":12,"column":4},"end":{"line":14,"column":6}},"8":{"start":{"line":13,"column":6},"end":{"line":13,"column":33}},"9":{"start":{"line":17,"column":2},"end":{"line":17,"column":15}}},"fnMap":{"0":{"name":"(anonymous_0)","decl":{"start":{"line":6,"column":15},"end":{"line":6,"column":16}},"loc":{"start":{"line":6,"column":27},"end":{"line":18,"column":1}},"line":6},"1":{"name":"(anonymous_1)","decl":{"start":{"line":12,"column":38},"end":{"line":12,"column":39}},"loc":{"start":{"line":12,"column":43},"end":{"line":14,"column":5}},"line":12}},"branchMap":{"0":{"loc":{"start":{"line":7,"column":2},"end":{"line":7,"column":34}},"type":"if","locations":[{"start":{"line":7,"column":2},"end":{"line":7,"column":34}},{"start":{"line":7,"column":2},"end":{"line":7,"column":34}}],"line":7}},"s":{"0":1,"1":2,"2":1,"3":1,"4":1,"5":1,"6":1,"7":1,"8":4,"9":1},"f":{"0":2,"1":4},"b":{"0":[1,1]},"_coverageSchema":"1a1c01bbd47fc00a2c39e90264f33305004495a9","hash":"19b4d2968c3c4525d758733249b7f9cec0eb56c7"}
,"/Users/chaser/repos/personal/ure/src/object/getValue.js": {"path":"/Users/chaser/repos/personal/ure/src/object/getValue.js","statementMap":{"0":{"start":{"line":7,"column":17},"end":{"line":21,"column":1}},"1":{"start":{"line":8,"column":2},"end":{"line":8,"column":66}},"2":{"start":{"line":8,"column":47},"end":{"line":8,"column":66}},"3":{"start":{"line":10,"column":19},"end":{"line":11,"column":20}},"4":{"start":{"line":13,"column":15},"end":{"line":13,"column":21}},"5":{"start":{"line":14,"column":14},"end":{"line":14,"column":15}},"6":{"start":{"line":15,"column":2},"end":{"line":18,"column":3}},"7":{"start":{"line":16,"column":4},"end":{"line":16,"column":36}},"8":{"start":{"line":17,"column":4},"end":{"line":17,"column":11}},"9":{"start":{"line":20,"column":2},"end":{"line":20,"column":31}}},"fnMap":{"0":{"name":"(anonymous_0)","decl":{"start":{"line":7,"column":17},"end":{"line":7,"column":18}},"loc":{"start":{"line":7,"column":49},"end":{"line":21,"column":1}},"line":7}},"branchMap":{"0":{"loc":{"start":{"line":8,"column":2},"end":{"line":8,"column":66}},"type":"if","locations":[{"start":{"line":8,"column":2},"end":{"line":8,"column":66}},{"start":{"line":8,"column":2},"end":{"line":8,"column":66}}],"line":8},"1":{"loc":{"start":{"line":8,"column":6},"end":{"line":8,"column":45}},"type":"binary-expr","locations":[{"start":{"line":8,"column":6},"end":{"line":8,"column":21}},{"start":{"line":8,"column":25},"end":{"line":8,"column":45}}],"line":8},"2":{"loc":{"start":{"line":15,"column":9},"end":{"line":15,"column":75}},"type":"binary-expr","locations":[{"start":{"line":15,"column":9},"end":{"line":15,"column":24}},{"start":{"line":15,"column":28},"end":{"line":15,"column":48}},{"start":{"line":15,"column":52},"end":{"line":15,"column":75}}],"line":15},"3":{"loc":{"start":{"line":20,"column":9},"end":{"line":20,"column":31}},"type":"binary-expr","locations":[{"start":{"line":20,"column":9},"end":{"line":20,"column":15}},{"start":{"line":20,"column":19},"end":{"line":20,"column":31}}],"line":20}},"s":{"0":1,"1":6,"2":2,"3":4,"4":4,"5":4,"6":4,"7":7,"8":7,"9":4},"f":{"0":6},"b":{"0":[2,4],"1":[6,5],"2":[11,11,9],"3":[4,2]},"_coverageSchema":"1a1c01bbd47fc00a2c39e90264f33305004495a9","hash":"1fe88b4f5230729a1818be14c285d5741e925ddd"}
,"/Users/chaser/repos/personal/ure/src/object/omit.js": {"path":"/Users/chaser/repos/personal/ure/src/object/omit.js","statementMap":{"0":{"start":{"line":6,"column":13},"end":{"line":21,"column":1}},"1":{"start":{"line":7,"column":2},"end":{"line":13,"column":3}},"2":{"start":{"line":8,"column":4},"end":{"line":12,"column":5}},"3":{"start":{"line":9,"column":6},"end":{"line":9,"column":33}},"4":{"start":{"line":11,"column":6},"end":{"line":11,"column":19}},"5":{"start":{"line":15,"column":2},"end":{"line":20,"column":8}},"6":{"start":{"line":16,"column":4},"end":{"line":18,"column":5}},"7":{"start":{"line":17,"column":6},"end":{"line":17,"column":27}},"8":{"start":{"line":19,"column":4},"end":{"line":19,"column":17}}},"fnMap":{"0":{"name":"(anonymous_0)","decl":{"start":{"line":6,"column":13},"end":{"line":6,"column":14}},"loc":{"start":{"line":6,"column":31},"end":{"line":21,"column":1}},"line":6},"1":{"name":"(anonymous_1)","decl":{"start":{"line":15,"column":36},"end":{"line":15,"column":37}},"loc":{"start":{"line":15,"column":51},"end":{"line":20,"column":3}},"line":15}},"branchMap":{"0":{"loc":{"start":{"line":7,"column":2},"end":{"line":13,"column":3}},"type":"if","locations":[{"start":{"line":7,"column":2},"end":{"line":13,"column":3}},{"start":{"line":7,"column":2},"end":{"line":13,"column":3}}],"line":7},"1":{"loc":{"start":{"line":8,"column":4},"end":{"line":12,"column":5}},"type":"if","locations":[{"start":{"line":8,"column":4},"end":{"line":12,"column":5}},{"start":{"line":8,"column":4},"end":{"line":12,"column":5}}],"line":8},"2":{"loc":{"start":{"line":16,"column":4},"end":{"line":18,"column":5}},"type":"if","locations":[{"start":{"line":16,"column":4},"end":{"line":18,"column":5}},{"start":{"line":16,"column":4},"end":{"line":18,"column":5}}],"line":16}},"s":{"0":1,"1":4,"2":3,"3":1,"4":2,"5":2,"6":8,"7":4,"8":8},"f":{"0":4,"1":8},"b":{"0":[3,1],"1":[1,2],"2":[4,4]},"_coverageSchema":"1a1c01bbd47fc00a2c39e90264f33305004495a9","hash":"a2dfe6029fa56f88c84319e5e8ed5d75ed9f77db"}
,"/Users/chaser/repos/personal/ure/src/other/random.js": {"path":"/Users/chaser/repos/personal/ure/src/other/random.js","statementMap":{"0":{"start":{"line":7,"column":15},"end":{"line":10,"column":1}},"1":{"start":{"line":8,"column":17},"end":{"line":8,"column":50}},"2":{"start":{"line":9,"column":2},"end":{"line":9,"column":44}}},"fnMap":{"0":{"name":"(anonymous_0)","decl":{"start":{"line":7,"column":15},"end":{"line":7,"column":16}},"loc":{"start":{"line":7,"column":51},"end":{"line":10,"column":1}},"line":7}},"branchMap":{"0":{"loc":{"start":{"line":7,"column":16},"end":{"line":7,"column":23}},"type":"default-arg","locations":[{"start":{"line":7,"column":22},"end":{"line":7,"column":23}}],"line":7},"1":{"loc":{"start":{"line":7,"column":25},"end":{"line":7,"column":32}},"type":"default-arg","locations":[{"start":{"line":7,"column":31},"end":{"line":7,"column":32}}],"line":7},"2":{"loc":{"start":{"line":7,"column":34},"end":{"line":7,"column":46}},"type":"default-arg","locations":[{"start":{"line":7,"column":42},"end":{"line":7,"column":46}}],"line":7},"3":{"loc":{"start":{"line":9,"column":9},"end":{"line":9,"column":44}},"type":"cond-expr","locations":[{"start":{"line":9,"column":17},"end":{"line":9,"column":35}},{"start":{"line":9,"column":38},"end":{"line":9,"column":44}}],"line":9}},"s":{"0":2,"1":14,"2":14},"f":{"0":14},"b":{"0":[1],"1":[1],"2":[12],"3":[12,2]},"_coverageSchema":"1a1c01bbd47fc00a2c39e90264f33305004495a9","hash":"317d1bca253db8599ea422be60c973fb5e0f01d1"}
,"/Users/chaser/repos/personal/ure/src/other/randomColor.js": {"path":"/Users/chaser/repos/personal/ure/src/other/randomColor.js","statementMap":{"0":{"start":{"line":4,"column":20},"end":{"line":6,"column":1}},"1":{"start":{"line":5,"column":2},"end":{"line":5,"column":84}}},"fnMap":{"0":{"name":"(anonymous_0)","decl":{"start":{"line":4,"column":20},"end":{"line":4,"column":21}},"loc":{"start":{"line":4,"column":26},"end":{"line":6,"column":1}},"line":4}},"branchMap":{},"s":{"0":1,"1":1},"f":{"0":1},"b":{},"_coverageSchema":"1a1c01bbd47fc00a2c39e90264f33305004495a9","hash":"55ad2a51b335d29d218419a7120c5eebc4bb51be"}
,"/Users/chaser/repos/personal/ure/src/other/randomKey.js": {"path":"/Users/chaser/repos/personal/ure/src/other/randomKey.js","statementMap":{"0":{"start":{"line":1,"column":22},"end":{"line":1,"column":72}},"1":{"start":{"line":7,"column":18},"end":{"line":14,"column":1}},"2":{"start":{"line":8,"column":15},"end":{"line":8,"column":17}},"3":{"start":{"line":9,"column":2},"end":{"line":11,"column":3}},"4":{"start":{"line":9,"column":15},"end":{"line":9,"column":16}},"5":{"start":{"line":10,"column":4},"end":{"line":10,"column":89}},"6":{"start":{"line":13,"column":2},"end":{"line":13,"column":15}}},"fnMap":{"0":{"name":"(anonymous_0)","decl":{"start":{"line":7,"column":18},"end":{"line":7,"column":19}},"loc":{"start":{"line":7,"column":32},"end":{"line":14,"column":1}},"line":7}},"branchMap":{"0":{"loc":{"start":{"line":7,"column":19},"end":{"line":7,"column":27}},"type":"default-arg","locations":[{"start":{"line":7,"column":25},"end":{"line":7,"column":27}}],"line":7}},"s":{"0":1,"1":1,"2":2,"3":2,"4":2,"5":31,"6":2},"f":{"0":2},"b":{"0":[1]},"_coverageSchema":"1a1c01bbd47fc00a2c39e90264f33305004495a9","hash":"2d2290eb4e4cb1ec2dd9a35996a6479b897a6953"}
,"/Users/chaser/repos/personal/ure/src/reg/isEmail.js": {"path":"/Users/chaser/repos/personal/ure/src/reg/isEmail.js","statementMap":{"0":{"start":{"line":1,"column":18},"end":{"line":1,"column":121}},"1":{"start":{"line":7,"column":16},"end":{"line":9,"column":1}},"2":{"start":{"line":8,"column":2},"end":{"line":8,"column":31}}},"fnMap":{"0":{"name":"(anonymous_0)","decl":{"start":{"line":7,"column":16},"end":{"line":7,"column":17}},"loc":{"start":{"line":7,"column":26},"end":{"line":9,"column":1}},"line":7}},"branchMap":{},"s":{"0":1,"1":1,"2":2},"f":{"0":2},"b":{},"_coverageSchema":"1a1c01bbd47fc00a2c39e90264f33305004495a9","hash":"345450bdfd90d633c39639fc7450dfd6b7d523c7"}
,"/Users/chaser/repos/personal/ure/src/reg/isImage.js": {"path":"/Users/chaser/repos/personal/ure/src/reg/isImage.js","statementMap":{"0":{"start":{"line":5,"column":16},"end":{"line":7,"column":1}},"1":{"start":{"line":6,"column":2},"end":{"line":6,"column":59}}},"fnMap":{"0":{"name":"(anonymous_0)","decl":{"start":{"line":5,"column":16},"end":{"line":5,"column":17}},"loc":{"start":{"line":5,"column":28},"end":{"line":7,"column":1}},"line":5}},"branchMap":{},"s":{"0":1,"1":5},"f":{"0":5},"b":{},"_coverageSchema":"1a1c01bbd47fc00a2c39e90264f33305004495a9","hash":"056eb7be08ba340bc656f8c9a850b0bb37243c99"}
,"/Users/chaser/repos/personal/ure/src/reg/isNumber.js": {"path":"/Users/chaser/repos/personal/ure/src/reg/isNumber.js","statementMap":{"0":{"start":{"line":5,"column":17},"end":{"line":7,"column":1}},"1":{"start":{"line":6,"column":2},"end":{"line":6,"column":36}}},"fnMap":{"0":{"name":"(anonymous_0)","decl":{"start":{"line":5,"column":17},"end":{"line":5,"column":18}},"loc":{"start":{"line":5,"column":29},"end":{"line":7,"column":1}},"line":5}},"branchMap":{},"s":{"0":1,"1":4},"f":{"0":4},"b":{},"_coverageSchema":"1a1c01bbd47fc00a2c39e90264f33305004495a9","hash":"2ec3cb406c012e2eabff83645ae3ec5cc83819c0"}
,"/Users/chaser/repos/personal/ure/src/reg/isPhone.js": {"path":"/Users/chaser/repos/personal/ure/src/reg/isPhone.js","statementMap":{"0":{"start":{"line":1,"column":14},"end":{"line":1,"column":59}},"1":{"start":{"line":1,"column":21},"end":{"line":1,"column":59}},"2":{"start":{"line":2,"column":14},"end":{"line":2,"column":61}},"3":{"start":{"line":2,"column":21},"end":{"line":2,"column":61}},"4":{"start":{"line":8,"column":16},"end":{"line":10,"column":1}},"5":{"start":{"line":9,"column":2},"end":{"line":9,"column":39}}},"fnMap":{"0":{"name":"(anonymous_0)","decl":{"start":{"line":1,"column":14},"end":{"line":1,"column":15}},"loc":{"start":{"line":1,"column":21},"end":{"line":1,"column":59}},"line":1},"1":{"name":"(anonymous_1)","decl":{"start":{"line":2,"column":14},"end":{"line":2,"column":15}},"loc":{"start":{"line":2,"column":21},"end":{"line":2,"column":61}},"line":2},"2":{"name":"(anonymous_2)","decl":{"start":{"line":8,"column":16},"end":{"line":8,"column":17}},"loc":{"start":{"line":8,"column":26},"end":{"line":10,"column":1}},"line":8}},"branchMap":{"0":{"loc":{"start":{"line":9,"column":9},"end":{"line":9,"column":39}},"type":"binary-expr","locations":[{"start":{"line":9,"column":9},"end":{"line":9,"column":22}},{"start":{"line":9,"column":26},"end":{"line":9,"column":39}}],"line":9}},"s":{"0":1,"1":6,"2":1,"3":5,"4":1,"5":6},"f":{"0":6,"1":5,"2":6},"b":{"0":[6,5]},"_coverageSchema":"1a1c01bbd47fc00a2c39e90264f33305004495a9","hash":"29888e0a037b202e9697542f111e396dda0bf33a"}
,"/Users/chaser/repos/personal/ure/src/url/_handleSearch.js": {"path":"/Users/chaser/repos/personal/ure/src/url/_handleSearch.js","statementMap":{"0":{"start":{"line":2,"column":2},"end":{"line":8,"column":8}},"1":{"start":{"line":3,"column":21},"end":{"line":3,"column":62}},"2":{"start":{"line":4,"column":4},"end":{"line":6,"column":5}},"3":{"start":{"line":5,"column":6},"end":{"line":5,"column":36}},"4":{"start":{"line":7,"column":4},"end":{"line":7,"column":14}}},"fnMap":{"0":{"name":"handleSearch","decl":{"start":{"line":1,"column":24},"end":{"line":1,"column":36}},"loc":{"start":{"line":1,"column":46},"end":{"line":9,"column":1}},"line":1},"1":{"name":"(anonymous_1)","decl":{"start":{"line":2,"column":34},"end":{"line":2,"column":35}},"loc":{"start":{"line":2,"column":49},"end":{"line":8,"column":3}},"line":2}},"branchMap":{"0":{"loc":{"start":{"line":3,"column":21},"end":{"line":3,"column":62}},"type":"cond-expr","locations":[{"start":{"line":3,"column":42},"end":{"line":3,"column":57}},{"start":{"line":3,"column":60},"end":{"line":3,"column":62}}],"line":3},"1":{"loc":{"start":{"line":4,"column":4},"end":{"line":6,"column":5}},"type":"if","locations":[{"start":{"line":4,"column":4},"end":{"line":6,"column":5}},{"start":{"line":4,"column":4},"end":{"line":6,"column":5}}],"line":4}},"s":{"0":5,"1":10,"2":10,"3":7,"4":10},"f":{"0":5,"1":10},"b":{"0":[9,1],"1":[7,3]},"_coverageSchema":"1a1c01bbd47fc00a2c39e90264f33305004495a9","hash":"7ef0f93a33ee4763b41593f95b653a4057d79d3a"}
,"/Users/chaser/repos/personal/ure/src/url/getUrlParam.js": {"path":"/Users/chaser/repos/personal/ure/src/url/getUrlParam.js","statementMap":{"0":{"start":{"line":7,"column":20},"end":{"line":18,"column":1}},"1":{"start":{"line":8,"column":2},"end":{"line":8,"column":31}},"2":{"start":{"line":8,"column":20},"end":{"line":8,"column":31}},"3":{"start":{"line":11,"column":2},"end":{"line":11,"column":38}},"4":{"start":{"line":12,"column":16},"end":{"line":12,"column":62}},"5":{"start":{"line":13,"column":18},"end":{"line":13,"column":33}},"6":{"start":{"line":14,"column":2},"end":{"line":14,"column":27}},"7":{"start":{"line":14,"column":16},"end":{"line":14,"column":27}},"8":{"start":{"line":15,"column":2},"end":{"line":15,"column":28}},"9":{"start":{"line":15,"column":19},"end":{"line":15,"column":28}},"10":{"start":{"line":17,"column":2},"end":{"line":17,"column":59}}},"fnMap":{"0":{"name":"(anonymous_0)","decl":{"start":{"line":7,"column":20},"end":{"line":7,"column":21}},"loc":{"start":{"line":7,"column":34},"end":{"line":18,"column":1}},"line":7}},"branchMap":{"0":{"loc":{"start":{"line":8,"column":2},"end":{"line":8,"column":31}},"type":"if","locations":[{"start":{"line":8,"column":2},"end":{"line":8,"column":31}},{"start":{"line":8,"column":2},"end":{"line":8,"column":31}}],"line":8},"1":{"loc":{"start":{"line":8,"column":6},"end":{"line":8,"column":18}},"type":"binary-expr","locations":[{"start":{"line":8,"column":6},"end":{"line":8,"column":10}},{"start":{"line":8,"column":14},"end":{"line":8,"column":18}}],"line":8},"2":{"loc":{"start":{"line":14,"column":2},"end":{"line":14,"column":27}},"type":"if","locations":[{"start":{"line":14,"column":2},"end":{"line":14,"column":27}},{"start":{"line":14,"column":2},"end":{"line":14,"column":27}}],"line":14},"3":{"loc":{"start":{"line":15,"column":2},"end":{"line":15,"column":28}},"type":"if","locations":[{"start":{"line":15,"column":2},"end":{"line":15,"column":28}},{"start":{"line":15,"column":2},"end":{"line":15,"column":28}}],"line":15}},"s":{"0":1,"1":5,"2":2,"3":3,"4":3,"5":3,"6":3,"7":1,"8":2,"9":1,"10":1},"f":{"0":5},"b":{"0":[2,3],"1":[5,4],"2":[1,2],"3":[1,1]},"_coverageSchema":"1a1c01bbd47fc00a2c39e90264f33305004495a9","hash":"e24986986f1c1fb35978af6220a319bfb42710ce"}
,"/Users/chaser/repos/personal/ure/src/url/parseQuery.js": {"path":"/Users/chaser/repos/personal/ure/src/url/parseQuery.js","statementMap":{"0":{"start":{"line":7,"column":19},"end":{"line":22,"column":1}},"1":{"start":{"line":8,"column":2},"end":{"line":8,"column":43}},"2":{"start":{"line":8,"column":34},"end":{"line":8,"column":43}},"3":{"start":{"line":10,"column":20},"end":{"line":10,"column":39}},"4":{"start":{"line":11,"column":2},"end":{"line":13,"column":3}},"5":{"start":{"line":12,"column":4},"end":{"line":12,"column":13}},"6":{"start":{"line":15,"column":18},"end":{"line":15,"column":37}},"7":{"start":{"line":17,"column":17},"end":{"line":19,"column":33}},"8":{"start":{"line":21,"column":2},"end":{"line":21,"column":29}}},"fnMap":{"0":{"name":"(anonymous_0)","decl":{"start":{"line":7,"column":19},"end":{"line":7,"column":20}},"loc":{"start":{"line":7,"column":31},"end":{"line":22,"column":1}},"line":7}},"branchMap":{"0":{"loc":{"start":{"line":8,"column":2},"end":{"line":8,"column":43}},"type":"if","locations":[{"start":{"line":8,"column":2},"end":{"line":8,"column":43}},{"start":{"line":8,"column":2},"end":{"line":8,"column":43}}],"line":8},"1":{"loc":{"start":{"line":11,"column":2},"end":{"line":13,"column":3}},"type":"if","locations":[{"start":{"line":11,"column":2},"end":{"line":13,"column":3}},{"start":{"line":11,"column":2},"end":{"line":13,"column":3}}],"line":11},"2":{"loc":{"start":{"line":17,"column":17},"end":{"line":19,"column":33}},"type":"cond-expr","locations":[{"start":{"line":18,"column":6},"end":{"line":18,"column":42}},{"start":{"line":19,"column":6},"end":{"line":19,"column":33}}],"line":17},"3":{"loc":{"start":{"line":17,"column":17},"end":{"line":17,"column":48}},"type":"binary-expr","locations":[{"start":{"line":17,"column":17},"end":{"line":17,"column":25}},{"start":{"line":17,"column":29},"end":{"line":17,"column":48}}],"line":17}},"s":{"0":1,"1":5,"2":1,"3":4,"4":4,"5":2,"6":2,"7":2,"8":2},"f":{"0":5},"b":{"0":[1,4],"1":[2,2],"2":[1,1],"3":[2,1]},"_coverageSchema":"1a1c01bbd47fc00a2c39e90264f33305004495a9","hash":"0a56d8a2028843002a703d2e70558cbf66f4fc3a"}
,"/Users/chaser/repos/personal/ure/src/url/parseUrl.js": {"path":"/Users/chaser/repos/personal/ure/src/url/parseUrl.js","statementMap":{"0":{"start":{"line":7,"column":17},"end":{"line":31,"column":1}},"1":{"start":{"line":8,"column":2},"end":{"line":8,"column":42}},"2":{"start":{"line":8,"column":31},"end":{"line":8,"column":42}},"3":{"start":{"line":10,"column":12},"end":{"line":10,"column":39}},"4":{"start":{"line":11,"column":2},"end":{"line":11,"column":14}},"5":{"start":{"line":13,"column":17},"end":{"line":24,"column":8}},"6":{"start":{"line":22,"column":4},"end":{"line":22,"column":17}},"7":{"start":{"line":23,"column":4},"end":{"line":23,"column":14}},"8":{"start":{"line":26,"column":2},"end":{"line":26,"column":74}},"9":{"start":{"line":28,"column":2},"end":{"line":28,"column":55}},"10":{"start":{"line":30,"column":2},"end":{"line":30,"column":15}}},"fnMap":{"0":{"name":"(anonymous_0)","decl":{"start":{"line":7,"column":17},"end":{"line":7,"column":18}},"loc":{"start":{"line":7,"column":26},"end":{"line":31,"column":1}},"line":7},"1":{"name":"(anonymous_1)","decl":{"start":{"line":21,"column":11},"end":{"line":21,"column":12}},"loc":{"start":{"line":21,"column":23},"end":{"line":24,"column":3}},"line":21}},"branchMap":{"0":{"loc":{"start":{"line":8,"column":2},"end":{"line":8,"column":42}},"type":"if","locations":[{"start":{"line":8,"column":2},"end":{"line":8,"column":42}},{"start":{"line":8,"column":2},"end":{"line":8,"column":42}}],"line":8},"1":{"loc":{"start":{"line":26,"column":17},"end":{"line":26,"column":74}},"type":"cond-expr","locations":[{"start":{"line":26,"column":33},"end":{"line":26,"column":69}},{"start":{"line":26,"column":72},"end":{"line":26,"column":74}}],"line":26},"2":{"loc":{"start":{"line":28,"column":16},"end":{"line":28,"column":55}},"type":"cond-expr","locations":[{"start":{"line":28,"column":30},"end":{"line":28,"column":50}},{"start":{"line":28,"column":53},"end":{"line":28,"column":55}}],"line":28}},"s":{"0":1,"1":3,"2":1,"3":2,"4":2,"5":2,"6":14,"7":14,"8":2,"9":2,"10":2},"f":{"0":3,"1":14},"b":{"0":[1,2],"1":[1,1],"2":[1,1]},"_coverageSchema":"1a1c01bbd47fc00a2c39e90264f33305004495a9","hash":"472f0e6d7331632bca146f052663a647895cba94"}
,"/Users/chaser/repos/personal/ure/src/url/setUrlParam.js": {"path":"/Users/chaser/repos/personal/ure/src/url/setUrlParam.js","statementMap":{"0":{"start":{"line":8,"column":20},"end":{"line":24,"column":1}},"1":{"start":{"line":9,"column":2},"end":{"line":9,"column":30}},"2":{"start":{"line":9,"column":20},"end":{"line":9,"column":30}},"3":{"start":{"line":11,"column":13},"end":{"line":11,"column":61}},"4":{"start":{"line":13,"column":2},"end":{"line":23,"column":3}},"5":{"start":{"line":14,"column":4},"end":{"line":14,"column":77}},"6":{"start":{"line":16,"column":15},"end":{"line":16,"column":17}},"7":{"start":{"line":17,"column":4},"end":{"line":20,"column":5}},"8":{"start":{"line":18,"column":6},"end":{"line":18,"column":36}},"9":{"start":{"line":19,"column":6},"end":{"line":19,"column":34}},"10":{"start":{"line":21,"column":22},"end":{"line":21,"column":57}},"11":{"start":{"line":22,"column":4},"end":{"line":22,"column":71}}},"fnMap":{"0":{"name":"(anonymous_0)","decl":{"start":{"line":8,"column":20},"end":{"line":8,"column":21}},"loc":{"start":{"line":8,"column":39},"end":{"line":24,"column":1}},"line":8}},"branchMap":{"0":{"loc":{"start":{"line":9,"column":2},"end":{"line":9,"column":30}},"type":"if","locations":[{"start":{"line":9,"column":2},"end":{"line":9,"column":30}},{"start":{"line":9,"column":2},"end":{"line":9,"column":30}}],"line":9},"1":{"loc":{"start":{"line":9,"column":6},"end":{"line":9,"column":18}},"type":"binary-expr","locations":[{"start":{"line":9,"column":6},"end":{"line":9,"column":10}},{"start":{"line":9,"column":14},"end":{"line":9,"column":18}}],"line":9},"2":{"loc":{"start":{"line":13,"column":2},"end":{"line":23,"column":3}},"type":"if","locations":[{"start":{"line":13,"column":2},"end":{"line":23,"column":3}},{"start":{"line":13,"column":2},"end":{"line":23,"column":3}}],"line":13},"3":{"loc":{"start":{"line":17,"column":4},"end":{"line":20,"column":5}},"type":"if","locations":[{"start":{"line":17,"column":4},"end":{"line":20,"column":5}},{"start":{"line":17,"column":4},"end":{"line":20,"column":5}}],"line":17},"4":{"loc":{"start":{"line":21,"column":22},"end":{"line":21,"column":57}},"type":"cond-expr","locations":[{"start":{"line":21,"column":48},"end":{"line":21,"column":51}},{"start":{"line":21,"column":54},"end":{"line":21,"column":57}}],"line":21}},"s":{"0":1,"1":5,"2":2,"3":3,"4":3,"5":1,"6":2,"7":2,"8":1,"9":1,"10":2,"11":2},"f":{"0":5},"b":{"0":[2,3],"1":[5,4],"2":[1,2],"3":[1,1],"4":[1,1]},"_coverageSchema":"1a1c01bbd47fc00a2c39e90264f33305004495a9","hash":"da67b390b0dc0095cf9ebfece784cb47e6db0f07"}
}
