{"/Users/chaser/repos/personal/ure/src/lang/getType.js": {"path":"/Users/chaser/repos/personal/ure/src/lang/getType.js","statementMap":{"0":{"start":{"line":5,"column":16},"end":{"line":7,"column":1}},"1":{"start":{"line":6,"column":2},"end":{"line":6,"column":92}}},"fnMap":{"0":{"name":"(anonymous_0)","decl":{"start":{"line":5,"column":16},"end":{"line":5,"column":17}},"loc":{"start":{"line":5,"column":28},"end":{"line":7,"column":1}},"line":5}},"branchMap":{},"s":{"0":1,"1":8},"f":{"0":8},"b":{},"_coverageSchema":"1a1c01bbd47fc00a2c39e90264f33305004495a9","hash":"dc48620810dd6b8320db2782a392fe77d95508b6"}
,"/Users/chaser/repos/personal/ure/src/lang/isEmpty.js": {"path":"/Users/chaser/repos/personal/ure/src/lang/isEmpty.js","statementMap":{"0":{"start":{"line":5,"column":16},"end":{"line":10,"column":1}},"1":{"start":{"line":6,"column":2},"end":{"line":9,"column":40}}},"fnMap":{"0":{"name":"(anonymous_0)","decl":{"start":{"line":5,"column":16},"end":{"line":5,"column":17}},"loc":{"start":{"line":5,"column":28},"end":{"line":10,"column":1}},"line":5}},"branchMap":{"0":{"loc":{"start":{"line":6,"column":9},"end":{"line":9,"column":39}},"type":"binary-expr","locations":[{"start":{"line":6,"column":9},"end":{"line":8,"column":23}},{"start":{"line":9,"column":4},"end":{"line":9,"column":39}}],"line":6},"1":{"loc":{"start":{"line":7,"column":6},"end":{"line":7,"column":55}},"type":"cond-expr","locations":[{"start":{"line":7,"column":34},"end":{"line":7,"column":40}},{"start":{"line":7,"column":43},"end":{"line":7,"column":55}}],"line":7},"2":{"loc":{"start":{"line":7,"column":43},"end":{"line":7,"column":55}},"type":"binary-expr","locations":[{"start":{"line":7,"column":43},"end":{"line":7,"column":49}},{"start":{"line":7,"column":53},"end":{"line":7,"column":55}}],"line":7},"3":{"loc":{"start":{"line":9,"column":18},"end":{"line":9,"column":30}},"type":"binary-expr","locations":[{"start":{"line":9,"column":18},"end":{"line":9,"column":24}},{"start":{"line":9,"column":28},"end":{"line":9,"column":30}}],"line":9}},"s":{"0":1,"1":5},"f":{"0":5},"b":{"0":[5,4],"1":[1,4],"2":[4,2],"3":[4,2]},"_coverageSchema":"1a1c01bbd47fc00a2c39e90264f33305004495a9","hash":"c6e11f65996cfda7ec195b1b1f90d0d1222b7a6f"}
,"/Users/chaser/repos/personal/ure/src/lang/isTypeof.js": {"path":"/Users/chaser/repos/personal/ure/src/lang/isTypeof.js","statementMap":{"0":{"start":{"line":8,"column":17},"end":{"line":11,"column":1}},"1":{"start":{"line":9,"column":2},"end":{"line":9,"column":45}},"2":{"start":{"line":9,"column":32},"end":{"line":9,"column":45}},"3":{"start":{"line":10,"column":2},"end":{"line":10,"column":54}}},"fnMap":{"0":{"name":"(anonymous_0)","decl":{"start":{"line":8,"column":17},"end":{"line":8,"column":18}},"loc":{"start":{"line":8,"column":35},"end":{"line":11,"column":1}},"line":8}},"branchMap":{"0":{"loc":{"start":{"line":9,"column":2},"end":{"line":9,"column":45}},"type":"if","locations":[{"start":{"line":9,"column":2},"end":{"line":9,"column":45}},{"start":{"line":9,"column":2},"end":{"line":9,"column":45}}],"line":9}},"s":{"0":1,"1":2,"2":1,"3":1},"f":{"0":2},"b":{"0":[1,1]},"_coverageSchema":"1a1c01bbd47fc00a2c39e90264f33305004495a9","hash":"22ae18babb688f9b5fd31378ebcfd26e3b82e206"}
,"/Users/chaser/repos/personal/ure/src/number/inRange.js": {"path":"/Users/chaser/repos/personal/ure/src/number/inRange.js","statementMap":{"0":{"start":{"line":7,"column":16},"end":{"line":15,"column":1}},"1":{"start":{"line":8,"column":2},"end":{"line":8,"column":84}},"2":{"start":{"line":8,"column":41},"end":{"line":8,"column":65}},"3":{"start":{"line":8,"column":70},"end":{"line":8,"column":82}},"4":{"start":{"line":10,"column":2},"end":{"line":12,"column":3}},"5":{"start":{"line":11,"column":4},"end":{"line":11,"column":34}},"6":{"start":{"line":14,"column":2},"end":{"line":14,"column":43}}},"fnMap":{"0":{"name":"(anonymous_0)","decl":{"start":{"line":7,"column":16},"end":{"line":7,"column":17}},"loc":{"start":{"line":7,"column":41},"end":{"line":15,"column":1}},"line":7},"1":{"name":"(anonymous_1)","decl":{"start":{"line":8,"column":33},"end":{"line":8,"column":34}},"loc":{"start":{"line":8,"column":41},"end":{"line":8,"column":65}},"line":8}},"branchMap":{"0":{"loc":{"start":{"line":8,"column":2},"end":{"line":8,"column":84}},"type":"if","locations":[{"start":{"line":8,"column":2},"end":{"line":8,"column":84}},{"start":{"line":8,"column":2},"end":{"line":8,"column":84}}],"line":8},"1":{"loc":{"start":{"line":10,"column":2},"end":{"line":12,"column":3}},"type":"if","locations":[{"start":{"line":10,"column":2},"end":{"line":12,"column":3}},{"start":{"line":10,"column":2},"end":{"line":12,"column":3}}],"line":10},"2":{"loc":{"start":{"line":14,"column":9},"end":{"line":14,"column":42}},"type":"binary-expr","locations":[{"start":{"line":14,"column":9},"end":{"line":14,"column":23}},{"start":{"line":14,"column":27},"end":{"line":14,"column":42}}],"line":14}},"s":{"0":1,"1":4,"2":10,"3":1,"4":3,"5":1,"6":3},"f":{"0":4,"1":10},"b":{"0":[1,3],"1":[1,2],"2":[3,3]},"_coverageSchema":"1a1c01bbd47fc00a2c39e90264f33305004495a9","hash":"c48ba5f73391dcbec51a4487bbf514d31bb8af5b"}
,"/Users/chaser/repos/personal/ure/src/number/midNumber.js": {"path":"/Users/chaser/repos/personal/ure/src/number/midNumber.js","statementMap":{"0":{"start":{"line":6,"column":18},"end":{"line":14,"column":1}},"1":{"start":{"line":7,"column":2},"end":{"line":7,"column":72}},"2":{"start":{"line":7,"column":61},"end":{"line":7,"column":72}},"3":{"start":{"line":9,"column":2},"end":{"line":11,"column":3}},"4":{"start":{"line":10,"column":4},"end":{"line":10,"column":33}},"5":{"start":{"line":13,"column":2},"end":{"line":13,"column":37}}},"fnMap":{"0":{"name":"(anonymous_0)","decl":{"start":{"line":6,"column":18},"end":{"line":6,"column":19}},"loc":{"start":{"line":6,"column":35},"end":{"line":14,"column":1}},"line":6}},"branchMap":{"0":{"loc":{"start":{"line":7,"column":2},"end":{"line":7,"column":72}},"type":"if","locations":[{"start":{"line":7,"column":2},"end":{"line":7,"column":72}},{"start":{"line":7,"column":2},"end":{"line":7,"column":72}}],"line":7},"1":{"loc":{"start":{"line":7,"column":6},"end":{"line":7,"column":59}},"type":"binary-expr","locations":[{"start":{"line":7,"column":6},"end":{"line":7,"column":30}},{"start":{"line":7,"column":34},"end":{"line":7,"column":59}}],"line":7},"2":{"loc":{"start":{"line":9,"column":2},"end":{"line":11,"column":3}},"type":"if","locations":[{"start":{"line":9,"column":2},"end":{"line":11,"column":3}},{"start":{"line":9,"column":2},"end":{"line":11,"column":3}}],"line":9}},"s":{"0":1,"1":3,"2":1,"3":2,"4":1,"5":2},"f":{"0":3},"b":{"0":[1,2],"1":[3,2],"2":[1,1]},"_coverageSchema":"1a1c01bbd47fc00a2c39e90264f33305004495a9","hash":"b4e0edfb76fc26c64f4ad0b95b3d3c84202baed9"}
,"/Users/chaser/repos/personal/ure/src/object/clone.js": {"path":"/Users/chaser/repos/personal/ure/src/object/clone.js","statementMap":{"0":{"start":{"line":5,"column":14},"end":{"line":8,"column":1}},"1":{"start":{"line":6,"column":2},"end":{"line":6,"column":66}},"2":{"start":{"line":6,"column":52},"end":{"line":6,"column":66}},"3":{"start":{"line":7,"column":2},"end":{"line":7,"column":21}}},"fnMap":{"0":{"name":"(anonymous_0)","decl":{"start":{"line":5,"column":14},"end":{"line":5,"column":15}},"loc":{"start":{"line":5,"column":26},"end":{"line":8,"column":1}},"line":5}},"branchMap":{"0":{"loc":{"start":{"line":6,"column":2},"end":{"line":6,"column":66}},"type":"if","locations":[{"start":{"line":6,"column":2},"end":{"line":6,"column":66}},{"start":{"line":6,"column":2},"end":{"line":6,"column":66}}],"line":6},"1":{"loc":{"start":{"line":6,"column":6},"end":{"line":6,"column":50}},"type":"binary-expr","locations":[{"start":{"line":6,"column":6},"end":{"line":6,"column":20}},{"start":{"line":6,"column":24},"end":{"line":6,"column":50}}],"line":6}},"s":{"0":1,"1":3,"2":2,"3":1},"f":{"0":3},"b":{"0":[2,1],"1":[3,2]},"_coverageSchema":"1a1c01bbd47fc00a2c39e90264f33305004495a9","hash":"a9ff31411f02731593c033d0096249d5b0f259f1"}
,"/Users/chaser/repos/personal/ure/src/object/cloneDeep.js": {"path":"/Users/chaser/repos/personal/ure/src/object/cloneDeep.js","statementMap":{"0":{"start":{"line":1,"column":16},"end":{"line":7,"column":1}},"1":{"start":{"line":2,"column":14},"end":{"line":2,"column":27}},"2":{"start":{"line":3,"column":10},"end":{"line":3,"column":11}},"3":{"start":{"line":4,"column":2},"end":{"line":6,"column":3}},"4":{"start":{"line":5,"column":4},"end":{"line":5,"column":31}},"5":{"start":{"line":13,"column":18},"end":{"line":32,"column":1}},"6":{"start":{"line":15,"column":2},"end":{"line":17,"column":3}},"7":{"start":{"line":16,"column":4},"end":{"line":16,"column":18}},"8":{"start":{"line":20,"column":18},"end":{"line":20,"column":39}},"9":{"start":{"line":21,"column":15},"end":{"line":21,"column":56}},"10":{"start":{"line":22,"column":17},"end":{"line":22,"column":34}},"11":{"start":{"line":24,"column":2},"end":{"line":29,"column":4}},"12":{"start":{"line":25,"column":4},"end":{"line":27,"column":5}},"13":{"start":{"line":26,"column":6},"end":{"line":26,"column":16}},"14":{"start":{"line":28,"column":4},"end":{"line":28,"column":41}},"15":{"start":{"line":31,"column":2},"end":{"line":31,"column":16}}},"fnMap":{"0":{"name":"(anonymous_0)","decl":{"start":{"line":1,"column":16},"end":{"line":1,"column":17}},"loc":{"start":{"line":1,"column":32},"end":{"line":7,"column":1}},"line":1},"1":{"name":"(anonymous_1)","decl":{"start":{"line":13,"column":18},"end":{"line":13,"column":19}},"loc":{"start":{"line":13,"column":30},"end":{"line":32,"column":1}},"line":13},"2":{"name":"(anonymous_2)","decl":{"start":{"line":24,"column":26},"end":{"line":24,"column":27}},"loc":{"start":{"line":24,"column":40},"end":{"line":29,"column":3}},"line":24}},"branchMap":{"0":{"loc":{"start":{"line":15,"column":2},"end":{"line":17,"column":3}},"type":"if","locations":[{"start":{"line":15,"column":2},"end":{"line":17,"column":3}},{"start":{"line":15,"column":2},"end":{"line":17,"column":3}}],"line":15},"1":{"loc":{"start":{"line":15,"column":6},"end":{"line":15,"column":83}},"type":"binary-expr","locations":[{"start":{"line":15,"column":6},"end":{"line":15,"column":21}},{"start":{"line":15,"column":25},"end":{"line":15,"column":51}},{"start":{"line":15,"column":55},"end":{"line":15,"column":83}}],"line":15},"2":{"loc":{"start":{"line":21,"column":15},"end":{"line":21,"column":56}},"type":"cond-expr","locations":[{"start":{"line":21,"column":25},"end":{"line":21,"column":34}},{"start":{"line":21,"column":37},"end":{"line":21,"column":56}}],"line":21},"3":{"loc":{"start":{"line":22,"column":17},"end":{"line":22,"column":34}},"type":"cond-expr","locations":[{"start":{"line":22,"column":27},"end":{"line":22,"column":29}},{"start":{"line":22,"column":32},"end":{"line":22,"column":34}}],"line":22},"4":{"loc":{"start":{"line":24,"column":10},"end":{"line":24,"column":24}},"type":"binary-expr","locations":[{"start":{"line":24,"column":10},"end":{"line":24,"column":14}},{"start":{"line":24,"column":18},"end":{"line":24,"column":24}}],"line":24},"5":{"loc":{"start":{"line":25,"column":4},"end":{"line":27,"column":5}},"type":"if","locations":[{"start":{"line":25,"column":4},"end":{"line":27,"column":5}},{"start":{"line":25,"column":4},"end":{"line":27,"column":5}}],"line":25}},"s":{"0":1,"1":3,"2":3,"3":3,"4":7,"5":1,"6":11,"7":8,"8":3,"9":3,"10":3,"11":3,"12":7,"13":5,"14":7,"15":3},"f":{"0":3,"1":11,"2":7},"b":{"0":[8,3],"1":[11,10,3],"2":[1,2],"3":[1,2],"4":[3,1],"5":[5,2]},"_coverageSchema":"1a1c01bbd47fc00a2c39e90264f33305004495a9","hash":"51402148700c79e076691fef3c212796d3efe662"}
,"/Users/chaser/repos/personal/ure/src/object/getValue.js": {"path":"/Users/chaser/repos/personal/ure/src/object/getValue.js","statementMap":{"0":{"start":{"line":7,"column":17},"end":{"line":21,"column":1}},"1":{"start":{"line":8,"column":2},"end":{"line":8,"column":67}},"2":{"start":{"line":8,"column":47},"end":{"line":8,"column":67}},"3":{"start":{"line":10,"column":19},"end":{"line":11,"column":20}},"4":{"start":{"line":13,"column":15},"end":{"line":13,"column":21}},"5":{"start":{"line":14,"column":14},"end":{"line":14,"column":15}},"6":{"start":{"line":15,"column":2},"end":{"line":18,"column":3}},"7":{"start":{"line":16,"column":4},"end":{"line":16,"column":37}},"8":{"start":{"line":17,"column":4},"end":{"line":17,"column":12}},"9":{"start":{"line":20,"column":2},"end":{"line":20,"column":32}}},"fnMap":{"0":{"name":"(anonymous_0)","decl":{"start":{"line":7,"column":17},"end":{"line":7,"column":18}},"loc":{"start":{"line":7,"column":49},"end":{"line":21,"column":1}},"line":7}},"branchMap":{"0":{"loc":{"start":{"line":8,"column":2},"end":{"line":8,"column":67}},"type":"if","locations":[{"start":{"line":8,"column":2},"end":{"line":8,"column":67}},{"start":{"line":8,"column":2},"end":{"line":8,"column":67}}],"line":8},"1":{"loc":{"start":{"line":8,"column":6},"end":{"line":8,"column":45}},"type":"binary-expr","locations":[{"start":{"line":8,"column":6},"end":{"line":8,"column":21}},{"start":{"line":8,"column":25},"end":{"line":8,"column":45}}],"line":8},"2":{"loc":{"start":{"line":15,"column":8},"end":{"line":15,"column":74}},"type":"binary-expr","locations":[{"start":{"line":15,"column":8},"end":{"line":15,"column":23}},{"start":{"line":15,"column":27},"end":{"line":15,"column":47}},{"start":{"line":15,"column":51},"end":{"line":15,"column":74}}],"line":15},"3":{"loc":{"start":{"line":20,"column":9},"end":{"line":20,"column":31}},"type":"binary-expr","locations":[{"start":{"line":20,"column":9},"end":{"line":20,"column":15}},{"start":{"line":20,"column":19},"end":{"line":20,"column":31}}],"line":20}},"s":{"0":1,"1":6,"2":2,"3":4,"4":4,"5":4,"6":4,"7":7,"8":7,"9":4},"f":{"0":6},"b":{"0":[2,4],"1":[6,5],"2":[11,11,9],"3":[4,2]},"_coverageSchema":"1a1c01bbd47fc00a2c39e90264f33305004495a9","hash":"7642becd4093ae7fb037bcbdf7b21f8404ddfdb2"}
,"/Users/chaser/repos/personal/ure/src/object/omit.js": {"path":"/Users/chaser/repos/personal/ure/src/object/omit.js","statementMap":{"0":{"start":{"line":6,"column":13},"end":{"line":21,"column":1}},"1":{"start":{"line":7,"column":2},"end":{"line":13,"column":3}},"2":{"start":{"line":8,"column":4},"end":{"line":12,"column":5}},"3":{"start":{"line":9,"column":6},"end":{"line":9,"column":34}},"4":{"start":{"line":11,"column":6},"end":{"line":11,"column":20}},"5":{"start":{"line":15,"column":2},"end":{"line":20,"column":9}},"6":{"start":{"line":16,"column":4},"end":{"line":18,"column":5}},"7":{"start":{"line":17,"column":6},"end":{"line":17,"column":28}},"8":{"start":{"line":19,"column":4},"end":{"line":19,"column":18}}},"fnMap":{"0":{"name":"(anonymous_0)","decl":{"start":{"line":6,"column":13},"end":{"line":6,"column":14}},"loc":{"start":{"line":6,"column":31},"end":{"line":21,"column":1}},"line":6},"1":{"name":"(anonymous_1)","decl":{"start":{"line":15,"column":36},"end":{"line":15,"column":37}},"loc":{"start":{"line":15,"column":51},"end":{"line":20,"column":3}},"line":15}},"branchMap":{"0":{"loc":{"start":{"line":7,"column":2},"end":{"line":13,"column":3}},"type":"if","locations":[{"start":{"line":7,"column":2},"end":{"line":13,"column":3}},{"start":{"line":7,"column":2},"end":{"line":13,"column":3}}],"line":7},"1":{"loc":{"start":{"line":8,"column":4},"end":{"line":12,"column":5}},"type":"if","locations":[{"start":{"line":8,"column":4},"end":{"line":12,"column":5}},{"start":{"line":8,"column":4},"end":{"line":12,"column":5}}],"line":8},"2":{"loc":{"start":{"line":16,"column":4},"end":{"line":18,"column":5}},"type":"if","locations":[{"start":{"line":16,"column":4},"end":{"line":18,"column":5}},{"start":{"line":16,"column":4},"end":{"line":18,"column":5}}],"line":16}},"s":{"0":1,"1":4,"2":3,"3":1,"4":2,"5":2,"6":8,"7":4,"8":8},"f":{"0":4,"1":8},"b":{"0":[3,1],"1":[1,2],"2":[4,4]},"_coverageSchema":"1a1c01bbd47fc00a2c39e90264f33305004495a9","hash":"2ff4d86271d865991e179449373aabc93ad7c3d2"}
,"/Users/chaser/repos/personal/ure/src/other/random.js": {"path":"/Users/chaser/repos/personal/ure/src/other/random.js","statementMap":{"0":{"start":{"line":7,"column":15},"end":{"line":10,"column":1}},"1":{"start":{"line":8,"column":17},"end":{"line":8,"column":50}},"2":{"start":{"line":9,"column":2},"end":{"line":9,"column":45}}},"fnMap":{"0":{"name":"(anonymous_0)","decl":{"start":{"line":7,"column":15},"end":{"line":7,"column":16}},"loc":{"start":{"line":7,"column":51},"end":{"line":10,"column":1}},"line":7}},"branchMap":{"0":{"loc":{"start":{"line":7,"column":16},"end":{"line":7,"column":23}},"type":"default-arg","locations":[{"start":{"line":7,"column":22},"end":{"line":7,"column":23}}],"line":7},"1":{"loc":{"start":{"line":7,"column":25},"end":{"line":7,"column":32}},"type":"default-arg","locations":[{"start":{"line":7,"column":31},"end":{"line":7,"column":32}}],"line":7},"2":{"loc":{"start":{"line":7,"column":34},"end":{"line":7,"column":46}},"type":"default-arg","locations":[{"start":{"line":7,"column":42},"end":{"line":7,"column":46}}],"line":7},"3":{"loc":{"start":{"line":9,"column":9},"end":{"line":9,"column":44}},"type":"cond-expr","locations":[{"start":{"line":9,"column":17},"end":{"line":9,"column":35}},{"start":{"line":9,"column":38},"end":{"line":9,"column":44}}],"line":9}},"s":{"0":1,"1":3,"2":3},"f":{"0":3},"b":{"0":[1],"1":[1],"2":[1],"3":[1,2]},"_coverageSchema":"1a1c01bbd47fc00a2c39e90264f33305004495a9","hash":"6be35b9d1b6a1ecabfe048bea4141e18d791f466"}
,"/Users/chaser/repos/personal/ure/src/other/randomColor.js": {"path":"/Users/chaser/repos/personal/ure/src/other/randomColor.js","statementMap":{"0":{"start":{"line":4,"column":20},"end":{"line":6,"column":1}},"1":{"start":{"line":5,"column":2},"end":{"line":5,"column":85}}},"fnMap":{"0":{"name":"(anonymous_0)","decl":{"start":{"line":4,"column":20},"end":{"line":4,"column":21}},"loc":{"start":{"line":4,"column":26},"end":{"line":6,"column":1}},"line":4}},"branchMap":{},"s":{"0":1,"1":1},"f":{"0":1},"b":{},"_coverageSchema":"1a1c01bbd47fc00a2c39e90264f33305004495a9","hash":"5e71541408ccf8e139d078f15a695589d5c3c934"}
,"/Users/chaser/repos/personal/ure/src/other/randomKey.js": {"path":"/Users/chaser/repos/personal/ure/src/other/randomKey.js","statementMap":{"0":{"start":{"line":1,"column":22},"end":{"line":1,"column":72}},"1":{"start":{"line":7,"column":18},"end":{"line":14,"column":1}},"2":{"start":{"line":8,"column":15},"end":{"line":8,"column":17}},"3":{"start":{"line":9,"column":2},"end":{"line":11,"column":3}},"4":{"start":{"line":9,"column":15},"end":{"line":9,"column":16}},"5":{"start":{"line":10,"column":4},"end":{"line":10,"column":90}},"6":{"start":{"line":13,"column":2},"end":{"line":13,"column":16}}},"fnMap":{"0":{"name":"(anonymous_0)","decl":{"start":{"line":7,"column":18},"end":{"line":7,"column":19}},"loc":{"start":{"line":7,"column":32},"end":{"line":14,"column":1}},"line":7}},"branchMap":{"0":{"loc":{"start":{"line":7,"column":19},"end":{"line":7,"column":27}},"type":"default-arg","locations":[{"start":{"line":7,"column":25},"end":{"line":7,"column":27}}],"line":7}},"s":{"0":1,"1":1,"2":2,"3":2,"4":2,"5":31,"6":2},"f":{"0":2},"b":{"0":[1]},"_coverageSchema":"1a1c01bbd47fc00a2c39e90264f33305004495a9","hash":"2a80d46e8e29ab7fc0dd0bf78e544f40e77c0d6a"}
,"/Users/chaser/repos/personal/ure/src/reg/isEmail.js": {"path":"/Users/chaser/repos/personal/ure/src/reg/isEmail.js","statementMap":{"0":{"start":{"line":1,"column":18},"end":{"line":1,"column":121}},"1":{"start":{"line":7,"column":16},"end":{"line":9,"column":1}},"2":{"start":{"line":8,"column":2},"end":{"line":8,"column":31}}},"fnMap":{"0":{"name":"(anonymous_0)","decl":{"start":{"line":7,"column":16},"end":{"line":7,"column":17}},"loc":{"start":{"line":7,"column":26},"end":{"line":9,"column":1}},"line":7}},"branchMap":{},"s":{"0":1,"1":1,"2":2},"f":{"0":2},"b":{},"_coverageSchema":"1a1c01bbd47fc00a2c39e90264f33305004495a9","hash":"345450bdfd90d633c39639fc7450dfd6b7d523c7"}
,"/Users/chaser/repos/personal/ure/src/reg/isImage.js": {"path":"/Users/chaser/repos/personal/ure/src/reg/isImage.js","statementMap":{"0":{"start":{"line":5,"column":16},"end":{"line":7,"column":1}},"1":{"start":{"line":6,"column":2},"end":{"line":6,"column":60}}},"fnMap":{"0":{"name":"(anonymous_0)","decl":{"start":{"line":5,"column":16},"end":{"line":5,"column":17}},"loc":{"start":{"line":5,"column":28},"end":{"line":7,"column":1}},"line":5}},"branchMap":{},"s":{"0":1,"1":5},"f":{"0":5},"b":{},"_coverageSchema":"1a1c01bbd47fc00a2c39e90264f33305004495a9","hash":"41c2a7c14b3d17e7dcfc0377b33de0d092d56825"}
,"/Users/chaser/repos/personal/ure/src/reg/isNumber.js": {"path":"/Users/chaser/repos/personal/ure/src/reg/isNumber.js","statementMap":{"0":{"start":{"line":5,"column":17},"end":{"line":7,"column":1}},"1":{"start":{"line":6,"column":2},"end":{"line":6,"column":37}}},"fnMap":{"0":{"name":"(anonymous_0)","decl":{"start":{"line":5,"column":17},"end":{"line":5,"column":18}},"loc":{"start":{"line":5,"column":29},"end":{"line":7,"column":1}},"line":5}},"branchMap":{},"s":{"0":1,"1":4},"f":{"0":4},"b":{},"_coverageSchema":"1a1c01bbd47fc00a2c39e90264f33305004495a9","hash":"b484d34da453ba19ff6ea2b21615143c44a9547d"}
,"/Users/chaser/repos/personal/ure/src/reg/isPhone.js": {"path":"/Users/chaser/repos/personal/ure/src/reg/isPhone.js","statementMap":{"0":{"start":{"line":1,"column":14},"end":{"line":1,"column":59}},"1":{"start":{"line":1,"column":21},"end":{"line":1,"column":59}},"2":{"start":{"line":2,"column":14},"end":{"line":2,"column":61}},"3":{"start":{"line":2,"column":21},"end":{"line":2,"column":61}},"4":{"start":{"line":8,"column":16},"end":{"line":10,"column":1}},"5":{"start":{"line":9,"column":2},"end":{"line":9,"column":40}}},"fnMap":{"0":{"name":"(anonymous_0)","decl":{"start":{"line":1,"column":14},"end":{"line":1,"column":15}},"loc":{"start":{"line":1,"column":21},"end":{"line":1,"column":59}},"line":1},"1":{"name":"(anonymous_1)","decl":{"start":{"line":2,"column":14},"end":{"line":2,"column":15}},"loc":{"start":{"line":2,"column":21},"end":{"line":2,"column":61}},"line":2},"2":{"name":"(anonymous_2)","decl":{"start":{"line":8,"column":16},"end":{"line":8,"column":17}},"loc":{"start":{"line":8,"column":26},"end":{"line":10,"column":1}},"line":8}},"branchMap":{"0":{"loc":{"start":{"line":9,"column":9},"end":{"line":9,"column":39}},"type":"binary-expr","locations":[{"start":{"line":9,"column":9},"end":{"line":9,"column":22}},{"start":{"line":9,"column":26},"end":{"line":9,"column":39}}],"line":9}},"s":{"0":1,"1":6,"2":1,"3":5,"4":1,"5":6},"f":{"0":6,"1":5,"2":6},"b":{"0":[6,5]},"_coverageSchema":"1a1c01bbd47fc00a2c39e90264f33305004495a9","hash":"0195e321be0885e3c94f407d5ade6e4a7244df90"}
,"/Users/chaser/repos/personal/ure/src/url/index.js": {"path":"/Users/chaser/repos/personal/ure/src/url/index.js","statementMap":{"0":{"start":{"line":5,"column":24},"end":{"line":33,"column":1}},"1":{"start":{"line":6,"column":2},"end":{"line":6,"column":43}},"2":{"start":{"line":6,"column":31},"end":{"line":6,"column":43}},"3":{"start":{"line":8,"column":2},"end":{"line":32,"column":3}},"4":{"start":{"line":9,"column":14},"end":{"line":9,"column":41}},"5":{"start":{"line":10,"column":4},"end":{"line":10,"column":17}},"6":{"start":{"line":12,"column":19},"end":{"line":23,"column":10}},"7":{"start":{"line":21,"column":6},"end":{"line":21,"column":20}},"8":{"start":{"line":22,"column":6},"end":{"line":22,"column":17}},"9":{"start":{"line":25,"column":4},"end":{"line":25,"column":77}},"10":{"start":{"line":27,"column":4},"end":{"line":27,"column":57}},"11":{"start":{"line":29,"column":4},"end":{"line":29,"column":18}},"12":{"start":{"line":31,"column":4},"end":{"line":31,"column":14}},"13":{"start":{"line":39,"column":26},"end":{"line":52,"column":1}},"14":{"start":{"line":40,"column":20},"end":{"line":40,"column":41}},"15":{"start":{"line":41,"column":2},"end":{"line":43,"column":3}},"16":{"start":{"line":42,"column":4},"end":{"line":42,"column":14}},"17":{"start":{"line":45,"column":18},"end":{"line":45,"column":39}},"18":{"start":{"line":47,"column":15},"end":{"line":49,"column":33}},"19":{"start":{"line":51,"column":2},"end":{"line":51,"column":30}},"20":{"start":{"line":60,"column":27},"end":{"line":70,"column":1}},"21":{"start":{"line":61,"column":2},"end":{"line":61,"column":32}},"22":{"start":{"line":61,"column":20},"end":{"line":61,"column":32}},"23":{"start":{"line":63,"column":2},"end":{"line":63,"column":39}},"24":{"start":{"line":64,"column":14},"end":{"line":64,"column":60}},"25":{"start":{"line":65,"column":16},"end":{"line":65,"column":31}},"26":{"start":{"line":66,"column":2},"end":{"line":66,"column":28}},"27":{"start":{"line":66,"column":16},"end":{"line":66,"column":28}},"28":{"start":{"line":67,"column":2},"end":{"line":67,"column":29}},"29":{"start":{"line":67,"column":19},"end":{"line":67,"column":29}},"30":{"start":{"line":69,"column":2},"end":{"line":69,"column":60}},"31":{"start":{"line":79,"column":27},"end":{"line":95,"column":1}},"32":{"start":{"line":80,"column":2},"end":{"line":80,"column":31}},"33":{"start":{"line":80,"column":20},"end":{"line":80,"column":31}},"34":{"start":{"line":82,"column":11},"end":{"line":82,"column":59}},"35":{"start":{"line":84,"column":2},"end":{"line":94,"column":3}},"36":{"start":{"line":85,"column":4},"end":{"line":85,"column":78}},"37":{"start":{"line":87,"column":15},"end":{"line":87,"column":17}},"38":{"start":{"line":88,"column":4},"end":{"line":91,"column":5}},"39":{"start":{"line":89,"column":6},"end":{"line":89,"column":37}},"40":{"start":{"line":90,"column":6},"end":{"line":90,"column":35}},"41":{"start":{"line":92,"column":20},"end":{"line":92,"column":55}},"42":{"start":{"line":93,"column":4},"end":{"line":93,"column":72}},"43":{"start":{"line":98,"column":2},"end":{"line":98,"column":38}},"44":{"start":{"line":102,"column":2},"end":{"line":108,"column":9}},"45":{"start":{"line":103,"column":21},"end":{"line":103,"column":62}},"46":{"start":{"line":104,"column":4},"end":{"line":106,"column":5}},"47":{"start":{"line":105,"column":6},"end":{"line":105,"column":37}},"48":{"start":{"line":107,"column":4},"end":{"line":107,"column":15}}},"fnMap":{"0":{"name":"(anonymous_0)","decl":{"start":{"line":5,"column":24},"end":{"line":5,"column":25}},"loc":{"start":{"line":5,"column":33},"end":{"line":33,"column":1}},"line":5},"1":{"name":"(anonymous_1)","decl":{"start":{"line":20,"column":13},"end":{"line":20,"column":14}},"loc":{"start":{"line":20,"column":25},"end":{"line":23,"column":5}},"line":20},"2":{"name":"(anonymous_2)","decl":{"start":{"line":39,"column":26},"end":{"line":39,"column":27}},"loc":{"start":{"line":39,"column":38},"end":{"line":52,"column":1}},"line":39},"3":{"name":"(anonymous_3)","decl":{"start":{"line":60,"column":27},"end":{"line":60,"column":28}},"loc":{"start":{"line":60,"column":41},"end":{"line":70,"column":1}},"line":60},"4":{"name":"(anonymous_4)","decl":{"start":{"line":79,"column":27},"end":{"line":79,"column":28}},"loc":{"start":{"line":79,"column":46},"end":{"line":95,"column":1}},"line":79},"5":{"name":"findSign","decl":{"start":{"line":97,"column":9},"end":{"line":97,"column":17}},"loc":{"start":{"line":97,"column":33},"end":{"line":99,"column":1}},"line":97},"6":{"name":"handleSearch","decl":{"start":{"line":101,"column":9},"end":{"line":101,"column":21}},"loc":{"start":{"line":101,"column":31},"end":{"line":109,"column":1}},"line":101},"7":{"name":"(anonymous_7)","decl":{"start":{"line":102,"column":34},"end":{"line":102,"column":35}},"loc":{"start":{"line":102,"column":49},"end":{"line":108,"column":3}},"line":102}},"branchMap":{"0":{"loc":{"start":{"line":6,"column":2},"end":{"line":6,"column":43}},"type":"if","locations":[{"start":{"line":6,"column":2},"end":{"line":6,"column":43}},{"start":{"line":6,"column":2},"end":{"line":6,"column":43}}],"line":6},"1":{"loc":{"start":{"line":8,"column":2},"end":{"line":32,"column":3}},"type":"if","locations":[{"start":{"line":8,"column":2},"end":{"line":32,"column":3}},{"start":{"line":8,"column":2},"end":{"line":32,"column":3}}],"line":8},"2":{"loc":{"start":{"line":25,"column":19},"end":{"line":25,"column":76}},"type":"cond-expr","locations":[{"start":{"line":25,"column":35},"end":{"line":25,"column":71}},{"start":{"line":25,"column":74},"end":{"line":25,"column":76}}],"line":25},"3":{"loc":{"start":{"line":27,"column":18},"end":{"line":27,"column":57}},"type":"cond-expr","locations":[{"start":{"line":27,"column":32},"end":{"line":27,"column":52}},{"start":{"line":27,"column":55},"end":{"line":27,"column":57}}],"line":27},"4":{"loc":{"start":{"line":41,"column":2},"end":{"line":43,"column":3}},"type":"if","locations":[{"start":{"line":41,"column":2},"end":{"line":43,"column":3}},{"start":{"line":41,"column":2},"end":{"line":43,"column":3}}],"line":41},"5":{"loc":{"start":{"line":47,"column":15},"end":{"line":49,"column":33}},"type":"cond-expr","locations":[{"start":{"line":48,"column":6},"end":{"line":48,"column":42}},{"start":{"line":49,"column":6},"end":{"line":49,"column":33}}],"line":47},"6":{"loc":{"start":{"line":47,"column":15},"end":{"line":47,"column":46}},"type":"binary-expr","locations":[{"start":{"line":47,"column":15},"end":{"line":47,"column":23}},{"start":{"line":47,"column":27},"end":{"line":47,"column":46}}],"line":47},"7":{"loc":{"start":{"line":61,"column":2},"end":{"line":61,"column":32}},"type":"if","locations":[{"start":{"line":61,"column":2},"end":{"line":61,"column":32}},{"start":{"line":61,"column":2},"end":{"line":61,"column":32}}],"line":61},"8":{"loc":{"start":{"line":61,"column":6},"end":{"line":61,"column":18}},"type":"binary-expr","locations":[{"start":{"line":61,"column":6},"end":{"line":61,"column":10}},{"start":{"line":61,"column":14},"end":{"line":61,"column":18}}],"line":61},"9":{"loc":{"start":{"line":66,"column":2},"end":{"line":66,"column":28}},"type":"if","locations":[{"start":{"line":66,"column":2},"end":{"line":66,"column":28}},{"start":{"line":66,"column":2},"end":{"line":66,"column":28}}],"line":66},"10":{"loc":{"start":{"line":67,"column":2},"end":{"line":67,"column":29}},"type":"if","locations":[{"start":{"line":67,"column":2},"end":{"line":67,"column":29}},{"start":{"line":67,"column":2},"end":{"line":67,"column":29}}],"line":67},"11":{"loc":{"start":{"line":80,"column":2},"end":{"line":80,"column":31}},"type":"if","locations":[{"start":{"line":80,"column":2},"end":{"line":80,"column":31}},{"start":{"line":80,"column":2},"end":{"line":80,"column":31}}],"line":80},"12":{"loc":{"start":{"line":80,"column":6},"end":{"line":80,"column":18}},"type":"binary-expr","locations":[{"start":{"line":80,"column":6},"end":{"line":80,"column":10}},{"start":{"line":80,"column":14},"end":{"line":80,"column":18}}],"line":80},"13":{"loc":{"start":{"line":84,"column":2},"end":{"line":94,"column":3}},"type":"if","locations":[{"start":{"line":84,"column":2},"end":{"line":94,"column":3}},{"start":{"line":84,"column":2},"end":{"line":94,"column":3}}],"line":84},"14":{"loc":{"start":{"line":88,"column":4},"end":{"line":91,"column":5}},"type":"if","locations":[{"start":{"line":88,"column":4},"end":{"line":91,"column":5}},{"start":{"line":88,"column":4},"end":{"line":91,"column":5}}],"line":88},"15":{"loc":{"start":{"line":92,"column":20},"end":{"line":92,"column":55}},"type":"cond-expr","locations":[{"start":{"line":92,"column":46},"end":{"line":92,"column":49}},{"start":{"line":92,"column":52},"end":{"line":92,"column":55}}],"line":92},"16":{"loc":{"start":{"line":98,"column":10},"end":{"line":98,"column":22}},"type":"binary-expr","locations":[{"start":{"line":98,"column":10},"end":{"line":98,"column":16}},{"start":{"line":98,"column":20},"end":{"line":98,"column":22}}],"line":98},"17":{"loc":{"start":{"line":103,"column":21},"end":{"line":103,"column":62}},"type":"cond-expr","locations":[{"start":{"line":103,"column":42},"end":{"line":103,"column":57}},{"start":{"line":103,"column":60},"end":{"line":103,"column":62}}],"line":103},"18":{"loc":{"start":{"line":104,"column":4},"end":{"line":106,"column":5}},"type":"if","locations":[{"start":{"line":104,"column":4},"end":{"line":106,"column":5}},{"start":{"line":104,"column":4},"end":{"line":106,"column":5}}],"line":104}},"s":{"0":1,"1":2,"2":1,"3":1,"4":1,"5":1,"6":1,"7":7,"8":7,"9":1,"10":1,"11":1,"12":0,"13":1,"14":4,"15":4,"16":2,"17":2,"18":2,"19":2,"20":1,"21":5,"22":2,"23":3,"24":3,"25":3,"26":3,"27":1,"28":2,"29":1,"30":1,"31":1,"32":5,"33":2,"34":3,"35":3,"36":1,"37":2,"38":2,"39":1,"40":1,"41":2,"42":2,"43":6,"44":3,"45":6,"46":6,"47":6,"48":6},"f":{"0":2,"1":7,"2":4,"3":5,"4":5,"5":6,"6":3,"7":6},"b":{"0":[1,1],"1":[1,0],"2":[1,0],"3":[1,0],"4":[2,2],"5":[1,1],"6":[2,1],"7":[2,3],"8":[5,4],"9":[1,2],"10":[1,1],"11":[2,3],"12":[5,4],"13":[1,2],"14":[1,1],"15":[1,1],"16":[6,1],"17":[6,0],"18":[6,0]},"_coverageSchema":"1a1c01bbd47fc00a2c39e90264f33305004495a9","hash":"1f285eba73a0dc9b9b2888c155c30da9330b290f"}
}
