TN:
SF:src/lang/getType.js
FN:5,(anonymous_0)
FNF:1
FNH:1
FNDA:8,(anonymous_0)
DA:5,1
DA:6,8
LF:2
LH:2
BRF:0
BRH:0
end_of_record
TN:
SF:src/lang/isEmpty.js
FN:5,(anonymous_0)
FNF:1
FNH:1
FNDA:5,(anonymous_0)
DA:5,1
DA:6,5
LF:2
LH:2
BRDA:6,0,0,5
BRDA:6,0,1,4
BRDA:7,1,0,1
BRDA:7,1,1,4
BRDA:7,2,0,4
BRDA:7,2,1,2
BRDA:9,3,0,4
BRDA:9,3,1,2
BRF:8
BRH:8
end_of_record
TN:
SF:src/lang/isTypeof.js
FN:8,(anonymous_0)
FNF:1
FNH:1
FNDA:2,(anonymous_0)
DA:8,1
DA:9,2
DA:10,1
LF:3
LH:3
BRDA:9,0,0,1
BRDA:9,0,1,1
BRF:2
BRH:2
end_of_record
TN:
SF:src/number/inRange.js
FN:7,(anonymous_0)
FN:8,(anonymous_1)
FNF:2
FNH:2
FNDA:4,(anonymous_0)
FNDA:10,(anonymous_1)
DA:7,1
DA:8,10
DA:10,3
DA:11,1
DA:14,3
LF:5
LH:5
BRDA:8,0,0,1
BRDA:8,0,1,3
BRDA:10,1,0,1
BRDA:10,1,1,2
BRDA:14,2,0,3
BRDA:14,2,1,3
BRF:6
BRH:6
end_of_record
TN:
SF:src/number/midNumber.js
FN:6,(anonymous_0)
FNF:1
FNH:1
FNDA:3,(anonymous_0)
DA:6,1
DA:7,3
DA:9,2
DA:10,1
DA:13,2
LF:5
LH:5
BRDA:7,0,0,1
BRDA:7,0,1,2
BRDA:7,1,0,3
BRDA:7,1,1,2
BRDA:9,2,0,1
BRDA:9,2,1,1
BRF:6
BRH:6
end_of_record
TN:
SF:src/object/clone.js
FN:5,(anonymous_0)
FNF:1
FNH:1
FNDA:3,(anonymous_0)
DA:5,1
DA:6,3
DA:7,1
LF:3
LH:3
BRDA:6,0,0,2
BRDA:6,0,1,1
BRDA:6,1,0,3
BRDA:6,1,1,2
BRF:4
BRH:4
end_of_record
TN:
SF:src/object/cloneDeep.js
FN:1,(anonymous_0)
FN:13,(anonymous_1)
FN:24,(anonymous_2)
FNF:3
FNH:3
FNDA:3,(anonymous_0)
FNDA:11,(anonymous_1)
FNDA:7,(anonymous_2)
DA:1,1
DA:2,3
DA:3,3
DA:4,3
DA:5,7
DA:13,1
DA:15,11
DA:16,8
DA:20,3
DA:21,3
DA:22,3
DA:24,3
DA:25,7
DA:26,5
DA:28,7
DA:31,3
LF:16
LH:16
BRDA:15,0,0,8
BRDA:15,0,1,3
BRDA:15,1,0,11
BRDA:15,1,1,10
BRDA:15,1,2,3
BRDA:21,2,0,1
BRDA:21,2,1,2
BRDA:22,3,0,1
BRDA:22,3,1,2
BRDA:24,4,0,3
BRDA:24,4,1,1
BRDA:25,5,0,5
BRDA:25,5,1,2
BRF:13
BRH:13
end_of_record
TN:
SF:src/object/getValue.js
FN:7,(anonymous_0)
FNF:1
FNH:1
FNDA:6,(anonymous_0)
DA:7,1
DA:8,6
DA:10,4
DA:13,4
DA:14,4
DA:15,4
DA:16,7
DA:17,7
DA:20,4
LF:9
LH:9
BRDA:8,0,0,2
BRDA:8,0,1,4
BRDA:8,1,0,6
BRDA:8,1,1,5
BRDA:15,2,0,11
BRDA:15,2,1,11
BRDA:15,2,2,9
BRDA:20,3,0,4
BRDA:20,3,1,2
BRF:9
BRH:9
end_of_record
TN:
SF:src/object/omit.js
FN:6,(anonymous_0)
FN:15,(anonymous_1)
FNF:2
FNH:2
FNDA:4,(anonymous_0)
FNDA:8,(anonymous_1)
DA:6,1
DA:7,4
DA:8,3
DA:9,1
DA:11,2
DA:15,2
DA:16,8
DA:17,4
DA:19,8
LF:9
LH:9
BRDA:7,0,0,3
BRDA:7,0,1,1
BRDA:8,1,0,1
BRDA:8,1,1,2
BRDA:16,2,0,4
BRDA:16,2,1,4
BRF:6
BRH:6
end_of_record
TN:
SF:src/other/random.js
FN:7,(anonymous_0)
FNF:1
FNH:1
FNDA:3,(anonymous_0)
DA:7,1
DA:8,3
DA:9,3
LF:3
LH:3
BRDA:7,0,0,1
BRDA:7,1,0,1
BRDA:7,2,0,1
BRDA:9,3,0,1
BRDA:9,3,1,2
BRF:5
BRH:5
end_of_record
TN:
SF:src/other/randomColor.js
FN:4,(anonymous_0)
FNF:1
FNH:1
FNDA:1,(anonymous_0)
DA:4,1
DA:5,1
LF:2
LH:2
BRF:0
BRH:0
end_of_record
TN:
SF:src/other/randomKey.js
FN:7,(anonymous_0)
FNF:1
FNH:1
FNDA:2,(anonymous_0)
DA:1,1
DA:7,1
DA:8,2
DA:9,2
DA:10,31
DA:13,2
LF:6
LH:6
BRDA:7,0,0,1
BRF:1
BRH:1
end_of_record
TN:
SF:src/reg/isEmail.js
FN:7,(anonymous_0)
FNF:1
FNH:1
FNDA:2,(anonymous_0)
DA:1,1
DA:7,1
DA:8,2
LF:3
LH:3
BRF:0
BRH:0
end_of_record
TN:
SF:src/reg/isImage.js
FN:5,(anonymous_0)
FNF:1
FNH:1
FNDA:5,(anonymous_0)
DA:5,1
DA:6,5
LF:2
LH:2
BRF:0
BRH:0
end_of_record
TN:
SF:src/reg/isNumber.js
FN:5,(anonymous_0)
FNF:1
FNH:1
FNDA:4,(anonymous_0)
DA:5,1
DA:6,4
LF:2
LH:2
BRF:0
BRH:0
end_of_record
TN:
SF:src/reg/isPhone.js
FN:1,(anonymous_0)
FN:2,(anonymous_1)
FN:8,(anonymous_2)
FNF:3
FNH:3
FNDA:6,(anonymous_0)
FNDA:5,(anonymous_1)
FNDA:6,(anonymous_2)
DA:1,6
DA:2,5
DA:8,1
DA:9,6
LF:4
LH:4
BRDA:9,0,0,6
BRDA:9,0,1,5
BRF:2
BRH:2
end_of_record
TN:
SF:src/url/index.js
FN:5,(anonymous_0)
FN:20,(anonymous_1)
FN:39,(anonymous_2)
FN:60,(anonymous_3)
FN:79,(anonymous_4)
FN:97,findSign
FN:101,handleSearch
FN:102,(anonymous_7)
FNF:8
FNH:8
FNDA:2,(anonymous_0)
FNDA:7,(anonymous_1)
FNDA:4,(anonymous_2)
FNDA:5,(anonymous_3)
FNDA:5,(anonymous_4)
FNDA:6,findSign
FNDA:3,handleSearch
FNDA:6,(anonymous_7)
DA:5,1
DA:6,2
DA:8,1
DA:9,1
DA:10,1
DA:12,1
DA:21,7
DA:22,7
DA:25,1
DA:27,1
DA:29,1
DA:31,0
DA:39,1
DA:40,4
DA:41,4
DA:42,2
DA:45,2
DA:47,2
DA:51,2
DA:60,1
DA:61,5
DA:63,3
DA:64,3
DA:65,3
DA:66,3
DA:67,2
DA:69,1
DA:79,1
DA:80,5
DA:82,3
DA:84,3
DA:85,1
DA:87,2
DA:88,2
DA:89,1
DA:90,1
DA:92,2
DA:93,2
DA:98,6
DA:102,3
DA:103,6
DA:104,6
DA:105,6
DA:107,6
LF:44
LH:43
BRDA:6,0,0,1
BRDA:6,0,1,1
BRDA:8,1,0,1
BRDA:8,1,1,0
BRDA:25,2,0,1
BRDA:25,2,1,0
BRDA:27,3,0,1
BRDA:27,3,1,0
BRDA:41,4,0,2
BRDA:41,4,1,2
BRDA:47,5,0,1
BRDA:47,5,1,1
BRDA:47,6,0,2
BRDA:47,6,1,1
BRDA:61,7,0,2
BRDA:61,7,1,3
BRDA:61,8,0,5
BRDA:61,8,1,4
BRDA:66,9,0,1
BRDA:66,9,1,2
BRDA:67,10,0,1
BRDA:67,10,1,1
BRDA:80,11,0,2
BRDA:80,11,1,3
BRDA:80,12,0,5
BRDA:80,12,1,4
BRDA:84,13,0,1
BRDA:84,13,1,2
BRDA:88,14,0,1
BRDA:88,14,1,1
BRDA:92,15,0,1
BRDA:92,15,1,1
BRDA:98,16,0,6
BRDA:98,16,1,1
BRDA:103,17,0,6
BRDA:103,17,1,0
BRDA:104,18,0,6
BRDA:104,18,1,0
BRF:38
BRH:33
end_of_record
