TN:
SF:src/array/chunk.js
FN:6,(anonymous_0)
FNF:1
FNH:1
FNDA:3,(anonymous_0)
DA:6,1
DA:7,3
DA:8,2
DA:10,1
DA:12,1
DA:13,4
DA:14,4
DA:15,4
DA:16,4
DA:17,11
DA:19,4
DA:21,1
LF:12
LH:12
BRDA:7,0,0,1
BRDA:7,0,1,2
BRDA:7,1,0,3
BRDA:7,1,1,2
BRDA:8,2,0,1
BRDA:8,2,1,1
BRF:6
BRH:6
end_of_record
TN:
SF:src/array/remove.js
FN:7,(anonymous_0)
FN:10,(anonymous_1)
FNF:2
FNH:2
FNDA:3,(anonymous_0)
FNDA:22,(anonymous_1)
DA:7,1
DA:8,3
DA:10,22
LF:3
LH:3
BRDA:8,0,0,1
BRDA:8,0,1,2
BRDA:8,1,0,3
BRDA:8,1,1,2
BRF:4
BRH:4
end_of_record
TN:
SF:src/array/removeIndex.js
FN:7,(anonymous_0)
FN:10,(anonymous_1)
FNF:2
FNH:2
FNDA:3,(anonymous_0)
FNDA:22,(anonymous_1)
DA:7,1
DA:8,3
DA:10,22
LF:3
LH:3
BRDA:8,0,0,1
BRDA:8,0,1,2
BRDA:8,1,0,3
BRDA:8,1,1,2
BRF:4
BRH:4
end_of_record
TN:
SF:src/array/shuffle.js
FN:7,(anonymous_0)
FNF:1
FNH:1
FNDA:2,(anonymous_0)
DA:7,1
DA:8,2
DA:10,1
DA:12,1
DA:13,1
DA:14,11
DA:15,11
DA:16,11
DA:17,11
DA:20,1
LF:10
LH:10
BRDA:8,0,0,1
BRDA:8,0,1,1
BRDA:8,1,0,2
BRDA:8,1,1,1
BRF:4
BRH:4
end_of_record
TN:
SF:src/nature/getType.js
FN:5,(anonymous_0)
FNF:1
FNH:1
FNDA:8,(anonymous_0)
DA:5,1
DA:6,8
LF:2
LH:2
BRF:0
BRH:0
end_of_record
TN:
SF:src/nature/isEmpty.js
FN:5,(anonymous_0)
FNF:1
FNH:1
FNDA:5,(anonymous_0)
DA:5,1
DA:6,5
LF:2
LH:2
BRDA:6,0,0,5
BRDA:6,0,1,4
BRDA:7,1,0,1
BRDA:7,1,1,4
BRDA:7,2,0,4
BRDA:7,2,1,2
BRDA:9,3,0,4
BRDA:9,3,1,2
BRF:8
BRH:8
end_of_record
TN:
SF:src/nature/isTypeof.js
FN:8,(anonymous_0)
FNF:1
FNH:1
FNDA:2,(anonymous_0)
DA:8,1
DA:9,2
DA:10,1
LF:3
LH:3
BRDA:9,0,0,1
BRDA:9,0,1,1
BRF:2
BRH:2
end_of_record
TN:
SF:src/number/inRange.js
FN:7,(anonymous_0)
FN:8,(anonymous_1)
FNF:2
FNH:2
FNDA:4,(anonymous_0)
FNDA:10,(anonymous_1)
DA:7,1
DA:8,10
DA:10,3
DA:11,1
DA:14,3
LF:5
LH:5
BRDA:8,0,0,1
BRDA:8,0,1,3
BRDA:10,1,0,1
BRDA:10,1,1,2
BRDA:14,2,0,3
BRDA:14,2,1,3
BRF:6
BRH:6
end_of_record
TN:
SF:src/number/midNumber.js
FN:6,(anonymous_0)
FNF:1
FNH:1
FNDA:3,(anonymous_0)
DA:6,1
DA:7,3
DA:9,2
DA:10,1
DA:13,2
LF:5
LH:5
BRDA:7,0,0,1
BRDA:7,0,1,2
BRDA:7,1,0,3
BRDA:7,1,1,2
BRDA:9,2,0,1
BRDA:9,2,1,1
BRF:6
BRH:6
end_of_record
TN:
SF:src/object/clone.js
FN:7,(anonymous_0)
FNF:1
FNH:1
FNDA:3,(anonymous_0)
DA:7,1
DA:8,3
DA:9,1
LF:3
LH:3
BRDA:8,0,0,2
BRDA:8,0,1,1
BRDA:8,1,0,3
BRDA:8,1,1,2
BRF:4
BRH:4
end_of_record
TN:
SF:src/object/cloneDeep.js
FN:1,(anonymous_0)
FN:13,(anonymous_1)
FN:24,(anonymous_2)
FNF:3
FNH:3
FNDA:3,(anonymous_0)
FNDA:11,(anonymous_1)
FNDA:7,(anonymous_2)
DA:1,1
DA:2,3
DA:3,3
DA:4,3
DA:5,7
DA:13,1
DA:15,11
DA:16,8
DA:20,3
DA:21,3
DA:22,3
DA:24,3
DA:25,7
DA:26,5
DA:28,7
DA:31,3
LF:16
LH:16
BRDA:15,0,0,8
BRDA:15,0,1,3
BRDA:15,1,0,11
BRDA:15,1,1,10
BRDA:15,1,2,3
BRDA:21,2,0,1
BRDA:21,2,1,2
BRDA:22,3,0,1
BRDA:22,3,1,2
BRDA:24,4,0,3
BRDA:24,4,1,1
BRDA:25,5,0,5
BRDA:25,5,1,2
BRF:13
BRH:13
end_of_record
TN:
SF:src/object/extend.js
FN:6,(anonymous_0)
FN:12,(anonymous_1)
FNF:2
FNH:2
FNDA:2,(anonymous_0)
FNDA:4,(anonymous_1)
DA:6,1
DA:7,2
DA:9,1
DA:11,1
DA:12,1
DA:13,4
DA:17,1
LF:7
LH:7
BRDA:7,0,0,1
BRDA:7,0,1,1
BRF:2
BRH:2
end_of_record
TN:
SF:src/object/getValue.js
FN:7,(anonymous_0)
FNF:1
FNH:1
FNDA:6,(anonymous_0)
DA:7,1
DA:8,6
DA:10,4
DA:13,4
DA:14,4
DA:15,4
DA:16,7
DA:17,7
DA:20,4
LF:9
LH:9
BRDA:8,0,0,2
BRDA:8,0,1,4
BRDA:8,1,0,6
BRDA:8,1,1,5
BRDA:15,2,0,11
BRDA:15,2,1,11
BRDA:15,2,2,9
BRDA:20,3,0,4
BRDA:20,3,1,2
BRF:9
BRH:9
end_of_record
TN:
SF:src/object/omit.js
FN:6,(anonymous_0)
FN:15,(anonymous_1)
FNF:2
FNH:2
FNDA:4,(anonymous_0)
FNDA:8,(anonymous_1)
DA:6,1
DA:7,4
DA:8,3
DA:9,1
DA:11,2
DA:15,2
DA:16,8
DA:17,4
DA:19,8
LF:9
LH:9
BRDA:7,0,0,3
BRDA:7,0,1,1
BRDA:8,1,0,1
BRDA:8,1,1,2
BRDA:16,2,0,4
BRDA:16,2,1,4
BRF:6
BRH:6
end_of_record
TN:
SF:src/other/random.js
FN:7,(anonymous_0)
FNF:1
FNH:1
FNDA:14,(anonymous_0)
DA:7,2
DA:8,14
DA:9,14
LF:3
LH:3
BRDA:7,0,0,1
BRDA:7,1,0,1
BRDA:7,2,0,12
BRDA:9,3,0,12
BRDA:9,3,1,2
BRF:5
BRH:5
end_of_record
TN:
SF:src/other/randomColor.js
FN:4,(anonymous_0)
FNF:1
FNH:1
FNDA:1,(anonymous_0)
DA:4,1
DA:5,1
LF:2
LH:2
BRF:0
BRH:0
end_of_record
TN:
SF:src/other/randomKey.js
FN:7,(anonymous_0)
FNF:1
FNH:1
FNDA:2,(anonymous_0)
DA:1,1
DA:7,1
DA:8,2
DA:9,2
DA:10,31
DA:13,2
LF:6
LH:6
BRDA:7,0,0,1
BRF:1
BRH:1
end_of_record
TN:
SF:src/reg/isEmail.js
FN:7,(anonymous_0)
FNF:1
FNH:1
FNDA:2,(anonymous_0)
DA:1,1
DA:7,1
DA:8,2
LF:3
LH:3
BRF:0
BRH:0
end_of_record
TN:
SF:src/reg/isImage.js
FN:5,(anonymous_0)
FNF:1
FNH:1
FNDA:5,(anonymous_0)
DA:5,1
DA:6,5
LF:2
LH:2
BRF:0
BRH:0
end_of_record
TN:
SF:src/reg/isNumber.js
FN:5,(anonymous_0)
FNF:1
FNH:1
FNDA:4,(anonymous_0)
DA:5,1
DA:6,4
LF:2
LH:2
BRF:0
BRH:0
end_of_record
TN:
SF:src/reg/isPhone.js
FN:1,(anonymous_0)
FN:2,(anonymous_1)
FN:8,(anonymous_2)
FNF:3
FNH:3
FNDA:6,(anonymous_0)
FNDA:5,(anonymous_1)
FNDA:6,(anonymous_2)
DA:1,6
DA:2,5
DA:8,1
DA:9,6
LF:4
LH:4
BRDA:9,0,0,6
BRDA:9,0,1,5
BRF:2
BRH:2
end_of_record
TN:
SF:src/url/_handleSearch.js
FN:1,handleSearch
FN:2,(anonymous_1)
FNF:2
FNH:2
FNDA:5,handleSearch
FNDA:10,(anonymous_1)
DA:2,5
DA:3,10
DA:4,10
DA:5,7
DA:7,10
LF:5
LH:5
BRDA:3,0,0,9
BRDA:3,0,1,1
BRDA:4,1,0,7
BRDA:4,1,1,3
BRF:4
BRH:4
end_of_record
TN:
SF:src/url/getUrlParam.js
FN:7,(anonymous_0)
FNF:1
FNH:1
FNDA:5,(anonymous_0)
DA:7,1
DA:8,5
DA:11,3
DA:12,3
DA:13,3
DA:14,3
DA:15,2
DA:17,1
LF:8
LH:8
BRDA:8,0,0,2
BRDA:8,0,1,3
BRDA:8,1,0,5
BRDA:8,1,1,4
BRDA:14,2,0,1
BRDA:14,2,1,2
BRDA:15,3,0,1
BRDA:15,3,1,1
BRF:8
BRH:8
end_of_record
TN:
SF:src/url/parseQuery.js
FN:7,(anonymous_0)
FNF:1
FNH:1
FNDA:5,(anonymous_0)
DA:7,1
DA:8,5
DA:10,4
DA:11,4
DA:12,2
DA:15,2
DA:17,2
DA:21,2
LF:8
LH:8
BRDA:8,0,0,1
BRDA:8,0,1,4
BRDA:11,1,0,2
BRDA:11,1,1,2
BRDA:17,2,0,1
BRDA:17,2,1,1
BRDA:17,3,0,2
BRDA:17,3,1,1
BRF:8
BRH:8
end_of_record
TN:
SF:src/url/parseUrl.js
FN:7,(anonymous_0)
FN:21,(anonymous_1)
FNF:2
FNH:2
FNDA:3,(anonymous_0)
FNDA:14,(anonymous_1)
DA:7,1
DA:8,3
DA:10,2
DA:11,2
DA:13,2
DA:22,14
DA:23,14
DA:26,2
DA:28,2
DA:30,2
LF:10
LH:10
BRDA:8,0,0,1
BRDA:8,0,1,2
BRDA:26,1,0,1
BRDA:26,1,1,1
BRDA:28,2,0,1
BRDA:28,2,1,1
BRF:6
BRH:6
end_of_record
TN:
SF:src/url/setUrlParam.js
FN:8,(anonymous_0)
FNF:1
FNH:1
FNDA:5,(anonymous_0)
DA:8,1
DA:9,5
DA:11,3
DA:13,3
DA:14,1
DA:16,2
DA:17,2
DA:18,1
DA:19,1
DA:21,2
DA:22,2
LF:11
LH:11
BRDA:9,0,0,2
BRDA:9,0,1,3
BRDA:9,1,0,5
BRDA:9,1,1,4
BRDA:13,2,0,1
BRDA:13,2,1,2
BRDA:17,3,0,1
BRDA:17,3,1,1
BRDA:21,4,0,1
BRDA:21,4,1,1
BRF:10
BRH:10
end_of_record
